===2018-02-26 11:07:19.145 [main] INFO  com.army.Army Line:48 -Starting Army on USER-20171102JJ with PID 12308 (D:\wokspace\shangjia\army\target\classes started by Administrator in D:\wokspace\shangjia\army)
===2018-02-26 11:07:19.151 [main] INFO  com.army.Army Line:659-No active profile set, falling back to default profiles: default
===2018-02-26 11:07:19.243 [main] INFO  org.springframework.boot.context.embedded.AnnotationConfigEmbeddedWebApplicationContext Line:581-Refreshing org.springframework.boot.context.embedded.AnnotationConfigEmbeddedWebApplicationContext@49e53c76: startup date [Mon Feb 26 11:07:19 CST 2018]; root of context hierarchy
===2018-02-26 11:07:19.407 [background-preinit] INFO  org.hibernate.validator.internal.util.Version Line:30 -HV000001: Hibernate Validator 5.2.4.Final
===2018-02-26 11:07:21.415 [main] INFO  org.springframework.context.support.PostProcessorRegistrationDelegate$BeanPostProcessorChecker Line:328-Bean 'org.springframework.transaction.annotation.ProxyTransactionManagementConfiguration' of type [class org.springframework.transaction.annotation.ProxyTransactionManagementConfiguration$$EnhancerBySpringCGLIB$$dd1758a0] is not eligible for getting processed by all BeanPostProcessors (for example: not eligible for auto-proxying)
===2018-02-26 11:07:22.113 [main] INFO  org.springframework.boot.context.embedded.tomcat.TomcatEmbeddedServletContainer Line:88 -Tomcat initialized with port(s): 8080 (http)
===2018-02-26 11:07:22.128 [main] INFO  org.apache.catalina.core.StandardService Line:179-Starting service Tomcat
===2018-02-26 11:07:22.130 [main] INFO  org.apache.catalina.core.StandardEngine Line:179-Starting Servlet Engine: Apache Tomcat/8.5.4
===2018-02-26 11:07:22.675 [localhost-startStop-1] INFO  org.apache.jasper.servlet.TldScanner Line:179-At least one JAR was scanned for TLDs yet contained no TLDs. Enable debug logging for this logger for a complete list of JARs that were scanned but no TLDs were found in them. Skipping unneeded JARs during scanning can improve startup time and JSP compilation time.
===2018-02-26 11:07:22.678 [localhost-startStop-1] INFO  org.apache.catalina.core.ContainerBase.[Tomcat].[localhost].[/] Line:179-Initializing Spring embedded WebApplicationContext
===2018-02-26 11:07:22.678 [localhost-startStop-1] INFO  org.springframework.web.context.ContextLoader Line:276-Root WebApplicationContext: initialization completed in 3435 ms
===2018-02-26 11:07:23.069 [localhost-startStop-1] INFO  org.springframework.boot.web.servlet.ServletRegistrationBean Line:190-Mapping servlet: 'dispatcherServlet' to [/]
===2018-02-26 11:07:23.078 [localhost-startStop-1] INFO  org.springframework.boot.web.servlet.FilterRegistrationBean Line:258-Mapping filter: 'metricFilter' to: [/*]
===2018-02-26 11:07:23.079 [localhost-startStop-1] INFO  org.springframework.boot.web.servlet.FilterRegistrationBean Line:258-Mapping filter: 'characterEncodingFilter' to: [/*]
===2018-02-26 11:07:23.079 [localhost-startStop-1] INFO  org.springframework.boot.web.servlet.FilterRegistrationBean Line:258-Mapping filter: 'hiddenHttpMethodFilter' to: [/*]
===2018-02-26 11:07:23.079 [localhost-startStop-1] INFO  org.springframework.boot.web.servlet.FilterRegistrationBean Line:258-Mapping filter: 'httpPutFormContentFilter' to: [/*]
===2018-02-26 11:07:23.080 [localhost-startStop-1] INFO  org.springframework.boot.web.servlet.FilterRegistrationBean Line:258-Mapping filter: 'requestContextFilter' to: [/*]
===2018-02-26 11:07:23.080 [localhost-startStop-1] INFO  org.springframework.boot.web.servlet.FilterRegistrationBean Line:258-Mapping filter: 'webRequestLoggingFilter' to: [/*]
===2018-02-26 11:07:23.080 [localhost-startStop-1] INFO  org.springframework.boot.web.servlet.FilterRegistrationBean Line:258-Mapping filter: 'applicationContextIdFilter' to: [/*]
===2018-02-26 11:07:24.062 [main] INFO  org.springframework.web.servlet.mvc.method.annotation.RequestMappingHandlerAdapter Line:534-Looking for @ControllerAdvice: org.springframework.boot.context.embedded.AnnotationConfigEmbeddedWebApplicationContext@49e53c76: startup date [Mon Feb 26 11:07:19 CST 2018]; root of context hierarchy
===2018-02-26 11:07:24.147 [main] INFO  org.springframework.web.servlet.mvc.method.annotation.RequestMappingHandlerMapping Line:543-Mapped "{[/user/login],methods=[POST]}" onto public com.alibaba.fastjson.JSONObject com.army.controller.UserLoginController.userLogin(com.army.vo.UserLogin) throws java.lang.Exception
===2018-02-26 11:07:24.149 [main] INFO  org.springframework.web.servlet.mvc.method.annotation.RequestMappingHandlerMapping Line:543-Mapped "{[/user/regist],methods=[POST]}" onto public com.alibaba.fastjson.JSONObject com.army.controller.UserLoginController.userRegist(com.army.vo.UserLogin) throws java.lang.Exception
===2018-02-26 11:07:24.152 [main] INFO  org.springframework.web.servlet.mvc.method.annotation.RequestMappingHandlerMapping Line:543-Mapped "{[/data/page/{preFile}/{pageName}]}" onto public org.springframework.web.servlet.ModelAndView com.army.controller.WebJumpController.pageUrl(java.lang.String,java.lang.String)
===2018-02-26 11:07:24.152 [main] INFO  org.springframework.web.servlet.mvc.method.annotation.RequestMappingHandlerMapping Line:543-Mapped "{[/data/page/{pageName}]}" onto public org.springframework.web.servlet.ModelAndView com.army.controller.WebJumpController.pageUrl(java.lang.String)
===2018-02-26 11:07:24.155 [main] INFO  org.springframework.web.servlet.mvc.method.annotation.RequestMappingHandlerMapping Line:543-Mapped "{[/error]}" onto public org.springframework.http.ResponseEntity<java.util.Map<java.lang.String, java.lang.Object>> org.springframework.boot.autoconfigure.web.BasicErrorController.error(javax.servlet.http.HttpServletRequest)
===2018-02-26 11:07:24.155 [main] INFO  org.springframework.web.servlet.mvc.method.annotation.RequestMappingHandlerMapping Line:543-Mapped "{[/error],produces=[text/html]}" onto public org.springframework.web.servlet.ModelAndView org.springframework.boot.autoconfigure.web.BasicErrorController.errorHtml(javax.servlet.http.HttpServletRequest,javax.servlet.http.HttpServletResponse)
===2018-02-26 11:07:24.170 [main] INFO  org.springframework.web.servlet.config.annotation.WebMvcConfigurerAdapter Line:303-Adding welcome page: ServletContext resource [/index.html]
===2018-02-26 11:07:24.189 [main] INFO  org.springframework.web.servlet.handler.SimpleUrlHandlerMapping Line:341-Root mapping to handler of type [class org.springframework.web.servlet.mvc.ParameterizableViewController]
===2018-02-26 11:07:24.207 [main] INFO  org.springframework.web.servlet.handler.SimpleUrlHandlerMapping Line:354-Mapped URL path [/webjars/**] onto handler of type [class org.springframework.web.servlet.resource.ResourceHttpRequestHandler]
===2018-02-26 11:07:24.208 [main] INFO  org.springframework.web.servlet.handler.SimpleUrlHandlerMapping Line:354-Mapped URL path [/**] onto handler of type [class org.springframework.web.servlet.resource.ResourceHttpRequestHandler]
===2018-02-26 11:07:24.300 [main] INFO  org.springframework.web.servlet.handler.SimpleUrlHandlerMapping Line:354-Mapped URL path [/**/favicon.ico] onto handler of type [class org.springframework.web.servlet.resource.ResourceHttpRequestHandler]
===2018-02-26 11:07:24.896 [main] INFO  org.springframework.boot.actuate.endpoint.mvc.EndpointHandlerMapping Line:543-Mapped "{[/mappings || /mappings.json],methods=[GET],produces=[application/json]}" onto public java.lang.Object org.springframework.boot.actuate.endpoint.mvc.EndpointMvcAdapter.invoke()
===2018-02-26 11:07:24.899 [main] INFO  org.springframework.boot.actuate.endpoint.mvc.EndpointHandlerMapping Line:543-Mapped "{[/env/{name:.*}],methods=[GET],produces=[application/json]}" onto public java.lang.Object org.springframework.boot.actuate.endpoint.mvc.EnvironmentMvcEndpoint.value(java.lang.String)
===2018-02-26 11:07:24.899 [main] INFO  org.springframework.boot.actuate.endpoint.mvc.EndpointHandlerMapping Line:543-Mapped "{[/env || /env.json],methods=[GET],produces=[application/json]}" onto public java.lang.Object org.springframework.boot.actuate.endpoint.mvc.EndpointMvcAdapter.invoke()
===2018-02-26 11:07:24.901 [main] INFO  org.springframework.boot.actuate.endpoint.mvc.EndpointHandlerMapping Line:543-Mapped "{[/trace || /trace.json],methods=[GET],produces=[application/json]}" onto public java.lang.Object org.springframework.boot.actuate.endpoint.mvc.EndpointMvcAdapter.invoke()
===2018-02-26 11:07:24.905 [main] INFO  org.springframework.boot.actuate.endpoint.mvc.EndpointHandlerMapping Line:543-Mapped "{[/beans || /beans.json],methods=[GET],produces=[application/json]}" onto public java.lang.Object org.springframework.boot.actuate.endpoint.mvc.EndpointMvcAdapter.invoke()
===2018-02-26 11:07:24.906 [main] INFO  org.springframework.boot.actuate.endpoint.mvc.EndpointHandlerMapping Line:543-Mapped "{[/heapdump || /heapdump.json],methods=[GET],produces=[application/octet-stream]}" onto public void org.springframework.boot.actuate.endpoint.mvc.HeapdumpMvcEndpoint.invoke(boolean,javax.servlet.http.HttpServletRequest,javax.servlet.http.HttpServletResponse) throws java.io.IOException,javax.servlet.ServletException
===2018-02-26 11:07:24.906 [main] INFO  org.springframework.boot.actuate.endpoint.mvc.EndpointHandlerMapping Line:543-Mapped "{[/health || /health.json],produces=[application/json]}" onto public java.lang.Object org.springframework.boot.actuate.endpoint.mvc.HealthMvcEndpoint.invoke(java.security.Principal)
===2018-02-26 11:07:24.908 [main] INFO  org.springframework.boot.actuate.endpoint.mvc.EndpointHandlerMapping Line:543-Mapped "{[/info || /info.json],methods=[GET],produces=[application/json]}" onto public java.lang.Object org.springframework.boot.actuate.endpoint.mvc.EndpointMvcAdapter.invoke()
===2018-02-26 11:07:24.909 [main] INFO  org.springframework.boot.actuate.endpoint.mvc.EndpointHandlerMapping Line:543-Mapped "{[/autoconfig || /autoconfig.json],methods=[GET],produces=[application/json]}" onto public java.lang.Object org.springframework.boot.actuate.endpoint.mvc.EndpointMvcAdapter.invoke()
===2018-02-26 11:07:24.912 [main] INFO  org.springframework.boot.actuate.endpoint.mvc.EndpointHandlerMapping Line:543-Mapped "{[/metrics/{name:.*}],methods=[GET],produces=[application/json]}" onto public java.lang.Object org.springframework.boot.actuate.endpoint.mvc.MetricsMvcEndpoint.value(java.lang.String)
===2018-02-26 11:07:24.912 [main] INFO  org.springframework.boot.actuate.endpoint.mvc.EndpointHandlerMapping Line:543-Mapped "{[/metrics || /metrics.json],methods=[GET],produces=[application/json]}" onto public java.lang.Object org.springframework.boot.actuate.endpoint.mvc.EndpointMvcAdapter.invoke()
===2018-02-26 11:07:24.913 [main] INFO  org.springframework.boot.actuate.endpoint.mvc.EndpointHandlerMapping Line:543-Mapped "{[/dump || /dump.json],methods=[GET],produces=[application/json]}" onto public java.lang.Object org.springframework.boot.actuate.endpoint.mvc.EndpointMvcAdapter.invoke()
===2018-02-26 11:07:24.914 [main] INFO  org.springframework.boot.actuate.endpoint.mvc.EndpointHandlerMapping Line:543-Mapped "{[/configprops || /configprops.json],methods=[GET],produces=[application/json]}" onto public java.lang.Object org.springframework.boot.actuate.endpoint.mvc.EndpointMvcAdapter.invoke()
===2018-02-26 11:07:25.297 [main] INFO  org.springframework.jmx.export.annotation.AnnotationMBeanExporter Line:431-Registering beans for JMX exposure on startup
===2018-02-26 11:07:25.306 [main] INFO  org.springframework.boot.actuate.endpoint.jmx.EndpointMBeanExporter Line:431-Registering beans for JMX exposure on startup
===2018-02-26 11:07:25.319 [main] INFO  org.springframework.context.support.DefaultLifecycleProcessor Line:341-Starting beans in phase 0
===2018-02-26 11:07:25.332 [main] INFO  org.springframework.boot.actuate.endpoint.jmx.EndpointMBeanExporter Line:674-Located managed bean 'requestMappingEndpoint': registering with JMX server as MBean [org.springframework.boot:type=Endpoint,name=requestMappingEndpoint]
===2018-02-26 11:07:25.376 [main] INFO  org.springframework.boot.actuate.endpoint.jmx.EndpointMBeanExporter Line:674-Located managed bean 'environmentEndpoint': registering with JMX server as MBean [org.springframework.boot:type=Endpoint,name=environmentEndpoint]
===2018-02-26 11:07:25.385 [main] INFO  org.springframework.boot.actuate.endpoint.jmx.EndpointMBeanExporter Line:674-Located managed bean 'healthEndpoint': registering with JMX server as MBean [org.springframework.boot:type=Endpoint,name=healthEndpoint]
===2018-02-26 11:07:25.393 [main] INFO  org.springframework.boot.actuate.endpoint.jmx.EndpointMBeanExporter Line:674-Located managed bean 'beansEndpoint': registering with JMX server as MBean [org.springframework.boot:type=Endpoint,name=beansEndpoint]
===2018-02-26 11:07:25.401 [main] INFO  org.springframework.boot.actuate.endpoint.jmx.EndpointMBeanExporter Line:674-Located managed bean 'infoEndpoint': registering with JMX server as MBean [org.springframework.boot:type=Endpoint,name=infoEndpoint]
===2018-02-26 11:07:25.408 [main] INFO  org.springframework.boot.actuate.endpoint.jmx.EndpointMBeanExporter Line:674-Located managed bean 'metricsEndpoint': registering with JMX server as MBean [org.springframework.boot:type=Endpoint,name=metricsEndpoint]
===2018-02-26 11:07:25.415 [main] INFO  org.springframework.boot.actuate.endpoint.jmx.EndpointMBeanExporter Line:674-Located managed bean 'traceEndpoint': registering with JMX server as MBean [org.springframework.boot:type=Endpoint,name=traceEndpoint]
===2018-02-26 11:07:25.422 [main] INFO  org.springframework.boot.actuate.endpoint.jmx.EndpointMBeanExporter Line:674-Located managed bean 'dumpEndpoint': registering with JMX server as MBean [org.springframework.boot:type=Endpoint,name=dumpEndpoint]
===2018-02-26 11:07:25.429 [main] INFO  org.springframework.boot.actuate.endpoint.jmx.EndpointMBeanExporter Line:674-Located managed bean 'autoConfigurationReportEndpoint': registering with JMX server as MBean [org.springframework.boot:type=Endpoint,name=autoConfigurationReportEndpoint]
===2018-02-26 11:07:25.437 [main] INFO  org.springframework.boot.actuate.endpoint.jmx.EndpointMBeanExporter Line:674-Located managed bean 'configurationPropertiesReportEndpoint': registering with JMX server as MBean [org.springframework.boot:type=Endpoint,name=configurationPropertiesReportEndpoint]
===2018-02-26 11:07:25.472 [main] INFO  org.apache.coyote.http11.Http11NioProtocol Line:179-Initializing ProtocolHandler ["http-nio-8080"]
===2018-02-26 11:07:25.486 [main] INFO  org.apache.coyote.http11.Http11NioProtocol Line:179-Starting ProtocolHandler [http-nio-8080]
===2018-02-26 11:07:25.500 [main] INFO  org.apache.tomcat.util.net.NioSelectorPool Line:179-Using a shared selector for servlet write/read
===2018-02-26 11:07:25.541 [main] INFO  org.springframework.boot.context.embedded.tomcat.TomcatEmbeddedServletContainer Line:186-Tomcat started on port(s): 8080 (http)
===2018-02-26 11:07:25.547 [main] INFO  com.army.Army Line:57 -Started Army in 7.042 seconds (JVM running for 8.001)
===2018-02-26 11:07:35.276 [http-nio-8080-exec-2] INFO  org.apache.catalina.core.ContainerBase.[Tomcat].[localhost].[/] Line:179-Initializing Spring FrameworkServlet 'dispatcherServlet'
===2018-02-26 11:07:35.278 [http-nio-8080-exec-2] INFO  org.springframework.web.servlet.DispatcherServlet Line:489-FrameworkServlet 'dispatcherServlet': initialization started
===2018-02-26 11:07:35.310 [http-nio-8080-exec-2] INFO  org.springframework.web.servlet.DispatcherServlet Line:508-FrameworkServlet 'dispatcherServlet': initialization completed in 31 ms
===2018-02-26 11:07:37.541 [http-nio-8080-exec-3] INFO  com.army.service.user.impl.UserLoginServiceImpl Line:38 -执行了 userLogin: {"userName":"admin","loginStatus":1}
===2018-02-26 11:10:56.138 [RMI TCP Connection(9)-127.0.0.1] INFO  org.springframework.boot.admin.SpringApplicationAdminMXBeanRegistrar$SpringApplicationAdmin Line:125-Application shutdown requested.
===2018-02-26 11:10:56.139 [RMI TCP Connection(9)-127.0.0.1] INFO  org.springframework.boot.context.embedded.AnnotationConfigEmbeddedWebApplicationContext Line:982-Closing org.springframework.boot.context.embedded.AnnotationConfigEmbeddedWebApplicationContext@49e53c76: startup date [Mon Feb 26 11:07:19 CST 2018]; root of context hierarchy
===2018-02-26 11:10:56.141 [RMI TCP Connection(9)-127.0.0.1] INFO  org.springframework.context.support.DefaultLifecycleProcessor Line:356-Stopping beans in phase 0
===2018-02-26 11:10:56.143 [RMI TCP Connection(9)-127.0.0.1] INFO  org.springframework.boot.actuate.endpoint.jmx.EndpointMBeanExporter Line:449-Unregistering JMX-exposed beans on shutdown
===2018-02-26 11:10:56.143 [RMI TCP Connection(9)-127.0.0.1] INFO  org.springframework.boot.actuate.endpoint.jmx.EndpointMBeanExporter Line:241-Unregistering JMX-exposed beans
===2018-02-26 11:10:56.144 [RMI TCP Connection(9)-127.0.0.1] INFO  org.springframework.jmx.export.annotation.AnnotationMBeanExporter Line:449-Unregistering JMX-exposed beans on shutdown
===2018-02-26 11:11:07.686 [main] INFO  com.army.Army Line:48 -Starting Army on USER-20171102JJ with PID 12836 (D:\wokspace\shangjia\army\target\classes started by Administrator in D:\wokspace\shangjia\army)
===2018-02-26 11:11:07.690 [main] INFO  com.army.Army Line:659-No active profile set, falling back to default profiles: default
===2018-02-26 11:11:07.798 [main] INFO  org.springframework.boot.context.embedded.AnnotationConfigEmbeddedWebApplicationContext Line:581-Refreshing org.springframework.boot.context.embedded.AnnotationConfigEmbeddedWebApplicationContext@49e53c76: startup date [Mon Feb 26 11:11:07 CST 2018]; root of context hierarchy
===2018-02-26 11:11:07.917 [background-preinit] INFO  org.hibernate.validator.internal.util.Version Line:30 -HV000001: Hibernate Validator 5.2.4.Final
===2018-02-26 11:11:09.572 [main] INFO  org.springframework.context.support.PostProcessorRegistrationDelegate$BeanPostProcessorChecker Line:328-Bean 'org.springframework.transaction.annotation.ProxyTransactionManagementConfiguration' of type [class org.springframework.transaction.annotation.ProxyTransactionManagementConfiguration$$EnhancerBySpringCGLIB$$dd1758a0] is not eligible for getting processed by all BeanPostProcessors (for example: not eligible for auto-proxying)
===2018-02-26 11:11:10.196 [main] INFO  org.springframework.boot.context.embedded.tomcat.TomcatEmbeddedServletContainer Line:88 -Tomcat initialized with port(s): 8080 (http)
===2018-02-26 11:11:10.216 [main] INFO  org.apache.catalina.core.StandardService Line:179-Starting service Tomcat
===2018-02-26 11:11:10.219 [main] INFO  org.apache.catalina.core.StandardEngine Line:179-Starting Servlet Engine: Apache Tomcat/8.5.4
===2018-02-26 11:11:10.685 [localhost-startStop-1] INFO  org.apache.jasper.servlet.TldScanner Line:179-At least one JAR was scanned for TLDs yet contained no TLDs. Enable debug logging for this logger for a complete list of JARs that were scanned but no TLDs were found in them. Skipping unneeded JARs during scanning can improve startup time and JSP compilation time.
===2018-02-26 11:11:10.690 [localhost-startStop-1] INFO  org.apache.catalina.core.ContainerBase.[Tomcat].[localhost].[/] Line:179-Initializing Spring embedded WebApplicationContext
===2018-02-26 11:11:10.690 [localhost-startStop-1] INFO  org.springframework.web.context.ContextLoader Line:276-Root WebApplicationContext: initialization completed in 2892 ms
===2018-02-26 11:11:11.025 [localhost-startStop-1] INFO  org.springframework.boot.web.servlet.ServletRegistrationBean Line:190-Mapping servlet: 'dispatcherServlet' to [/]
===2018-02-26 11:11:11.036 [localhost-startStop-1] INFO  org.springframework.boot.web.servlet.FilterRegistrationBean Line:258-Mapping filter: 'metricFilter' to: [/*]
===2018-02-26 11:11:11.038 [localhost-startStop-1] INFO  org.springframework.boot.web.servlet.FilterRegistrationBean Line:258-Mapping filter: 'characterEncodingFilter' to: [/*]
===2018-02-26 11:11:11.038 [localhost-startStop-1] INFO  org.springframework.boot.web.servlet.FilterRegistrationBean Line:258-Mapping filter: 'hiddenHttpMethodFilter' to: [/*]
===2018-02-26 11:11:11.038 [localhost-startStop-1] INFO  org.springframework.boot.web.servlet.FilterRegistrationBean Line:258-Mapping filter: 'httpPutFormContentFilter' to: [/*]
===2018-02-26 11:11:11.039 [localhost-startStop-1] INFO  org.springframework.boot.web.servlet.FilterRegistrationBean Line:258-Mapping filter: 'requestContextFilter' to: [/*]
===2018-02-26 11:11:11.040 [localhost-startStop-1] INFO  org.springframework.boot.web.servlet.FilterRegistrationBean Line:258-Mapping filter: 'webRequestLoggingFilter' to: [/*]
===2018-02-26 11:11:11.040 [localhost-startStop-1] INFO  org.springframework.boot.web.servlet.FilterRegistrationBean Line:258-Mapping filter: 'applicationContextIdFilter' to: [/*]
===2018-02-26 11:11:11.178 [main] INFO  org.apache.catalina.core.StandardService Line:179-Stopping service Tomcat
===2018-02-26 11:11:11.304 [main] INFO  org.springframework.boot.autoconfigure.logging.AutoConfigurationReportLoggingInitializer Line:101-

Error starting ApplicationContext. To display the auto-configuration report enable debug logging (start with --debug)


===2018-02-26 11:11:42.577 [main] INFO  com.army.Army Line:48 -Starting Army on USER-20171102JJ with PID 11948 (D:\wokspace\shangjia\army\target\classes started by Administrator in D:\wokspace\shangjia\army)
===2018-02-26 11:11:42.582 [main] INFO  com.army.Army Line:659-No active profile set, falling back to default profiles: default
===2018-02-26 11:11:42.644 [main] INFO  org.springframework.boot.context.embedded.AnnotationConfigEmbeddedWebApplicationContext Line:581-Refreshing org.springframework.boot.context.embedded.AnnotationConfigEmbeddedWebApplicationContext@49e53c76: startup date [Mon Feb 26 11:11:42 CST 2018]; root of context hierarchy
===2018-02-26 11:11:42.782 [background-preinit] INFO  org.hibernate.validator.internal.util.Version Line:30 -HV000001: Hibernate Validator 5.2.4.Final
===2018-02-26 11:11:44.398 [main] INFO  org.springframework.context.support.PostProcessorRegistrationDelegate$BeanPostProcessorChecker Line:328-Bean 'org.springframework.transaction.annotation.ProxyTransactionManagementConfiguration' of type [class org.springframework.transaction.annotation.ProxyTransactionManagementConfiguration$$EnhancerBySpringCGLIB$$dd1758a0] is not eligible for getting processed by all BeanPostProcessors (for example: not eligible for auto-proxying)
===2018-02-26 11:11:44.907 [main] INFO  org.springframework.boot.context.embedded.tomcat.TomcatEmbeddedServletContainer Line:88 -Tomcat initialized with port(s): 8080 (http)
===2018-02-26 11:11:44.923 [main] INFO  org.apache.catalina.core.StandardService Line:179-Starting service Tomcat
===2018-02-26 11:11:44.924 [main] INFO  org.apache.catalina.core.StandardEngine Line:179-Starting Servlet Engine: Apache Tomcat/8.5.4
===2018-02-26 11:11:45.443 [localhost-startStop-1] INFO  org.apache.jasper.servlet.TldScanner Line:179-At least one JAR was scanned for TLDs yet contained no TLDs. Enable debug logging for this logger for a complete list of JARs that were scanned but no TLDs were found in them. Skipping unneeded JARs during scanning can improve startup time and JSP compilation time.
===2018-02-26 11:11:45.446 [localhost-startStop-1] INFO  org.apache.catalina.core.ContainerBase.[Tomcat].[localhost].[/] Line:179-Initializing Spring embedded WebApplicationContext
===2018-02-26 11:11:45.446 [localhost-startStop-1] INFO  org.springframework.web.context.ContextLoader Line:276-Root WebApplicationContext: initialization completed in 2802 ms
===2018-02-26 11:11:45.822 [localhost-startStop-1] INFO  org.springframework.boot.web.servlet.ServletRegistrationBean Line:190-Mapping servlet: 'dispatcherServlet' to [/]
===2018-02-26 11:11:45.828 [localhost-startStop-1] INFO  org.springframework.boot.web.servlet.FilterRegistrationBean Line:258-Mapping filter: 'metricFilter' to: [/*]
===2018-02-26 11:11:45.828 [localhost-startStop-1] INFO  org.springframework.boot.web.servlet.FilterRegistrationBean Line:258-Mapping filter: 'characterEncodingFilter' to: [/*]
===2018-02-26 11:11:45.828 [localhost-startStop-1] INFO  org.springframework.boot.web.servlet.FilterRegistrationBean Line:258-Mapping filter: 'hiddenHttpMethodFilter' to: [/*]
===2018-02-26 11:11:45.829 [localhost-startStop-1] INFO  org.springframework.boot.web.servlet.FilterRegistrationBean Line:258-Mapping filter: 'httpPutFormContentFilter' to: [/*]
===2018-02-26 11:11:45.829 [localhost-startStop-1] INFO  org.springframework.boot.web.servlet.FilterRegistrationBean Line:258-Mapping filter: 'requestContextFilter' to: [/*]
===2018-02-26 11:11:45.829 [localhost-startStop-1] INFO  org.springframework.boot.web.servlet.FilterRegistrationBean Line:258-Mapping filter: 'webRequestLoggingFilter' to: [/*]
===2018-02-26 11:11:45.829 [localhost-startStop-1] INFO  org.springframework.boot.web.servlet.FilterRegistrationBean Line:258-Mapping filter: 'applicationContextIdFilter' to: [/*]
===2018-02-26 11:11:46.730 [main] INFO  org.springframework.web.servlet.mvc.method.annotation.RequestMappingHandlerAdapter Line:534-Looking for @ControllerAdvice: org.springframework.boot.context.embedded.AnnotationConfigEmbeddedWebApplicationContext@49e53c76: startup date [Mon Feb 26 11:11:42 CST 2018]; root of context hierarchy
===2018-02-26 11:11:46.795 [main] INFO  org.springframework.web.servlet.mvc.method.annotation.RequestMappingHandlerMapping Line:543-Mapped "{[/user/login],methods=[POST]}" onto public com.alibaba.fastjson.JSONObject com.army.controller.UserLoginController.userLogin(com.army.vo.UserLogin) throws java.lang.Exception
===2018-02-26 11:11:46.796 [main] INFO  org.springframework.web.servlet.mvc.method.annotation.RequestMappingHandlerMapping Line:543-Mapped "{[/user/regist],methods=[POST]}" onto public com.alibaba.fastjson.JSONObject com.army.controller.UserLoginController.userRegist(com.army.vo.UserLogin) throws java.lang.Exception
===2018-02-26 11:11:46.798 [main] INFO  org.springframework.web.servlet.mvc.method.annotation.RequestMappingHandlerMapping Line:543-Mapped "{[/data/page/{preFile}/{pageName}]}" onto public org.springframework.web.servlet.ModelAndView com.army.controller.WebJumpController.pageUrl(java.lang.String,java.lang.String)
===2018-02-26 11:11:46.801 [main] INFO  org.springframework.web.servlet.mvc.method.annotation.RequestMappingHandlerMapping Line:543-Mapped "{[/data/page/{pageName}]}" onto public org.springframework.web.servlet.ModelAndView com.army.controller.WebJumpController.pageUrl(java.lang.String)
===2018-02-26 11:11:46.808 [main] INFO  org.springframework.web.servlet.mvc.method.annotation.RequestMappingHandlerMapping Line:543-Mapped "{[/error]}" onto public org.springframework.http.ResponseEntity<java.util.Map<java.lang.String, java.lang.Object>> org.springframework.boot.autoconfigure.web.BasicErrorController.error(javax.servlet.http.HttpServletRequest)
===2018-02-26 11:11:46.810 [main] INFO  org.springframework.web.servlet.mvc.method.annotation.RequestMappingHandlerMapping Line:543-Mapped "{[/error],produces=[text/html]}" onto public org.springframework.web.servlet.ModelAndView org.springframework.boot.autoconfigure.web.BasicErrorController.errorHtml(javax.servlet.http.HttpServletRequest,javax.servlet.http.HttpServletResponse)
===2018-02-26 11:11:46.819 [main] INFO  org.springframework.web.servlet.config.annotation.WebMvcConfigurerAdapter Line:303-Adding welcome page: ServletContext resource [/index.html]
===2018-02-26 11:11:46.831 [main] INFO  org.springframework.web.servlet.handler.SimpleUrlHandlerMapping Line:341-Root mapping to handler of type [class org.springframework.web.servlet.mvc.ParameterizableViewController]
===2018-02-26 11:11:46.854 [main] INFO  org.springframework.web.servlet.handler.SimpleUrlHandlerMapping Line:354-Mapped URL path [/webjars/**] onto handler of type [class org.springframework.web.servlet.resource.ResourceHttpRequestHandler]
===2018-02-26 11:11:46.855 [main] INFO  org.springframework.web.servlet.handler.SimpleUrlHandlerMapping Line:354-Mapped URL path [/**] onto handler of type [class org.springframework.web.servlet.resource.ResourceHttpRequestHandler]
===2018-02-26 11:11:46.954 [main] INFO  org.springframework.web.servlet.handler.SimpleUrlHandlerMapping Line:354-Mapped URL path [/**/favicon.ico] onto handler of type [class org.springframework.web.servlet.resource.ResourceHttpRequestHandler]
===2018-02-26 11:11:47.602 [main] INFO  org.springframework.boot.actuate.endpoint.mvc.EndpointHandlerMapping Line:543-Mapped "{[/health || /health.json],produces=[application/json]}" onto public java.lang.Object org.springframework.boot.actuate.endpoint.mvc.HealthMvcEndpoint.invoke(java.security.Principal)
===2018-02-26 11:11:47.607 [main] INFO  org.springframework.boot.actuate.endpoint.mvc.EndpointHandlerMapping Line:543-Mapped "{[/metrics/{name:.*}],methods=[GET],produces=[application/json]}" onto public java.lang.Object org.springframework.boot.actuate.endpoint.mvc.MetricsMvcEndpoint.value(java.lang.String)
===2018-02-26 11:11:47.608 [main] INFO  org.springframework.boot.actuate.endpoint.mvc.EndpointHandlerMapping Line:543-Mapped "{[/metrics || /metrics.json],methods=[GET],produces=[application/json]}" onto public java.lang.Object org.springframework.boot.actuate.endpoint.mvc.EndpointMvcAdapter.invoke()
===2018-02-26 11:11:47.609 [main] INFO  org.springframework.boot.actuate.endpoint.mvc.EndpointHandlerMapping Line:543-Mapped "{[/info || /info.json],methods=[GET],produces=[application/json]}" onto public java.lang.Object org.springframework.boot.actuate.endpoint.mvc.EndpointMvcAdapter.invoke()
===2018-02-26 11:11:47.612 [main] INFO  org.springframework.boot.actuate.endpoint.mvc.EndpointHandlerMapping Line:543-Mapped "{[/mappings || /mappings.json],methods=[GET],produces=[application/json]}" onto public java.lang.Object org.springframework.boot.actuate.endpoint.mvc.EndpointMvcAdapter.invoke()
===2018-02-26 11:11:47.614 [main] INFO  org.springframework.boot.actuate.endpoint.mvc.EndpointHandlerMapping Line:543-Mapped "{[/configprops || /configprops.json],methods=[GET],produces=[application/json]}" onto public java.lang.Object org.springframework.boot.actuate.endpoint.mvc.EndpointMvcAdapter.invoke()
===2018-02-26 11:11:47.616 [main] INFO  org.springframework.boot.actuate.endpoint.mvc.EndpointHandlerMapping Line:543-Mapped "{[/heapdump || /heapdump.json],methods=[GET],produces=[application/octet-stream]}" onto public void org.springframework.boot.actuate.endpoint.mvc.HeapdumpMvcEndpoint.invoke(boolean,javax.servlet.http.HttpServletRequest,javax.servlet.http.HttpServletResponse) throws java.io.IOException,javax.servlet.ServletException
===2018-02-26 11:11:47.625 [main] INFO  org.springframework.boot.actuate.endpoint.mvc.EndpointHandlerMapping Line:543-Mapped "{[/beans || /beans.json],methods=[GET],produces=[application/json]}" onto public java.lang.Object org.springframework.boot.actuate.endpoint.mvc.EndpointMvcAdapter.invoke()
===2018-02-26 11:11:47.626 [main] INFO  org.springframework.boot.actuate.endpoint.mvc.EndpointHandlerMapping Line:543-Mapped "{[/dump || /dump.json],methods=[GET],produces=[application/json]}" onto public java.lang.Object org.springframework.boot.actuate.endpoint.mvc.EndpointMvcAdapter.invoke()
===2018-02-26 11:11:47.630 [main] INFO  org.springframework.boot.actuate.endpoint.mvc.EndpointHandlerMapping Line:543-Mapped "{[/env/{name:.*}],methods=[GET],produces=[application/json]}" onto public java.lang.Object org.springframework.boot.actuate.endpoint.mvc.EnvironmentMvcEndpoint.value(java.lang.String)
===2018-02-26 11:11:47.630 [main] INFO  org.springframework.boot.actuate.endpoint.mvc.EndpointHandlerMapping Line:543-Mapped "{[/env || /env.json],methods=[GET],produces=[application/json]}" onto public java.lang.Object org.springframework.boot.actuate.endpoint.mvc.EndpointMvcAdapter.invoke()
===2018-02-26 11:11:47.631 [main] INFO  org.springframework.boot.actuate.endpoint.mvc.EndpointHandlerMapping Line:543-Mapped "{[/trace || /trace.json],methods=[GET],produces=[application/json]}" onto public java.lang.Object org.springframework.boot.actuate.endpoint.mvc.EndpointMvcAdapter.invoke()
===2018-02-26 11:11:47.632 [main] INFO  org.springframework.boot.actuate.endpoint.mvc.EndpointHandlerMapping Line:543-Mapped "{[/autoconfig || /autoconfig.json],methods=[GET],produces=[application/json]}" onto public java.lang.Object org.springframework.boot.actuate.endpoint.mvc.EndpointMvcAdapter.invoke()
===2018-02-26 11:11:47.937 [main] INFO  org.springframework.jmx.export.annotation.AnnotationMBeanExporter Line:431-Registering beans for JMX exposure on startup
===2018-02-26 11:11:47.944 [main] INFO  org.springframework.boot.actuate.endpoint.jmx.EndpointMBeanExporter Line:431-Registering beans for JMX exposure on startup
===2018-02-26 11:11:47.950 [main] INFO  org.springframework.context.support.DefaultLifecycleProcessor Line:341-Starting beans in phase 0
===2018-02-26 11:11:47.973 [main] INFO  org.springframework.boot.actuate.endpoint.jmx.EndpointMBeanExporter Line:674-Located managed bean 'requestMappingEndpoint': registering with JMX server as MBean [org.springframework.boot:type=Endpoint,name=requestMappingEndpoint]
===2018-02-26 11:11:48.004 [main] INFO  org.springframework.boot.actuate.endpoint.jmx.EndpointMBeanExporter Line:674-Located managed bean 'environmentEndpoint': registering with JMX server as MBean [org.springframework.boot:type=Endpoint,name=environmentEndpoint]
===2018-02-26 11:11:48.009 [main] INFO  org.springframework.boot.actuate.endpoint.jmx.EndpointMBeanExporter Line:674-Located managed bean 'healthEndpoint': registering with JMX server as MBean [org.springframework.boot:type=Endpoint,name=healthEndpoint]
===2018-02-26 11:11:48.012 [main] INFO  org.springframework.boot.actuate.endpoint.jmx.EndpointMBeanExporter Line:674-Located managed bean 'beansEndpoint': registering with JMX server as MBean [org.springframework.boot:type=Endpoint,name=beansEndpoint]
===2018-02-26 11:11:48.015 [main] INFO  org.springframework.boot.actuate.endpoint.jmx.EndpointMBeanExporter Line:674-Located managed bean 'infoEndpoint': registering with JMX server as MBean [org.springframework.boot:type=Endpoint,name=infoEndpoint]
===2018-02-26 11:11:48.022 [main] INFO  org.springframework.boot.actuate.endpoint.jmx.EndpointMBeanExporter Line:674-Located managed bean 'metricsEndpoint': registering with JMX server as MBean [org.springframework.boot:type=Endpoint,name=metricsEndpoint]
===2018-02-26 11:11:48.030 [main] INFO  org.springframework.boot.actuate.endpoint.jmx.EndpointMBeanExporter Line:674-Located managed bean 'traceEndpoint': registering with JMX server as MBean [org.springframework.boot:type=Endpoint,name=traceEndpoint]
===2018-02-26 11:11:48.032 [main] INFO  org.springframework.boot.actuate.endpoint.jmx.EndpointMBeanExporter Line:674-Located managed bean 'dumpEndpoint': registering with JMX server as MBean [org.springframework.boot:type=Endpoint,name=dumpEndpoint]
===2018-02-26 11:11:48.043 [main] INFO  org.springframework.boot.actuate.endpoint.jmx.EndpointMBeanExporter Line:674-Located managed bean 'autoConfigurationReportEndpoint': registering with JMX server as MBean [org.springframework.boot:type=Endpoint,name=autoConfigurationReportEndpoint]
===2018-02-26 11:11:48.046 [main] INFO  org.springframework.boot.actuate.endpoint.jmx.EndpointMBeanExporter Line:674-Located managed bean 'configurationPropertiesReportEndpoint': registering with JMX server as MBean [org.springframework.boot:type=Endpoint,name=configurationPropertiesReportEndpoint]
===2018-02-26 11:11:48.074 [main] INFO  org.apache.coyote.http11.Http11NioProtocol Line:179-Initializing ProtocolHandler ["http-nio-8080"]
===2018-02-26 11:11:48.090 [main] INFO  org.apache.coyote.http11.Http11NioProtocol Line:179-Starting ProtocolHandler [http-nio-8080]
===2018-02-26 11:11:48.106 [main] INFO  org.apache.tomcat.util.net.NioSelectorPool Line:179-Using a shared selector for servlet write/read
===2018-02-26 11:11:48.139 [main] INFO  org.springframework.boot.context.embedded.tomcat.TomcatEmbeddedServletContainer Line:186-Tomcat started on port(s): 8080 (http)
===2018-02-26 11:11:48.144 [main] INFO  com.army.Army Line:57 -Started Army in 6.235 seconds (JVM running for 7.216)
===2018-02-26 11:12:03.498 [RMI TCP Connection(4)-127.0.0.1] INFO  org.springframework.boot.admin.SpringApplicationAdminMXBeanRegistrar$SpringApplicationAdmin Line:125-Application shutdown requested.
===2018-02-26 11:12:03.500 [RMI TCP Connection(4)-127.0.0.1] INFO  org.springframework.boot.context.embedded.AnnotationConfigEmbeddedWebApplicationContext Line:982-Closing org.springframework.boot.context.embedded.AnnotationConfigEmbeddedWebApplicationContext@49e53c76: startup date [Mon Feb 26 11:11:42 CST 2018]; root of context hierarchy
===2018-02-26 11:12:03.505 [RMI TCP Connection(4)-127.0.0.1] INFO  org.springframework.context.support.DefaultLifecycleProcessor Line:356-Stopping beans in phase 0
===2018-02-26 11:12:03.507 [RMI TCP Connection(4)-127.0.0.1] INFO  org.springframework.boot.actuate.endpoint.jmx.EndpointMBeanExporter Line:449-Unregistering JMX-exposed beans on shutdown
===2018-02-26 11:12:03.507 [RMI TCP Connection(4)-127.0.0.1] INFO  org.springframework.boot.actuate.endpoint.jmx.EndpointMBeanExporter Line:241-Unregistering JMX-exposed beans
===2018-02-26 11:12:03.508 [RMI TCP Connection(4)-127.0.0.1] INFO  org.springframework.jmx.export.annotation.AnnotationMBeanExporter Line:449-Unregistering JMX-exposed beans on shutdown
===2018-02-26 11:12:10.563 [main] INFO  com.army.Army Line:48 -Starting Army on USER-20171102JJ with PID 6852 (D:\wokspace\shangjia\army\target\classes started by Administrator in D:\wokspace\shangjia\army)
===2018-02-26 11:12:10.565 [main] INFO  com.army.Army Line:659-No active profile set, falling back to default profiles: default
===2018-02-26 11:12:10.662 [main] INFO  org.springframework.boot.context.embedded.AnnotationConfigEmbeddedWebApplicationContext Line:581-Refreshing org.springframework.boot.context.embedded.AnnotationConfigEmbeddedWebApplicationContext@49e53c76: startup date [Mon Feb 26 11:12:10 CST 2018]; root of context hierarchy
===2018-02-26 11:12:10.790 [background-preinit] INFO  org.hibernate.validator.internal.util.Version Line:30 -HV000001: Hibernate Validator 5.2.4.Final
===2018-02-26 11:12:12.391 [main] INFO  org.springframework.context.support.PostProcessorRegistrationDelegate$BeanPostProcessorChecker Line:328-Bean 'org.springframework.transaction.annotation.ProxyTransactionManagementConfiguration' of type [class org.springframework.transaction.annotation.ProxyTransactionManagementConfiguration$$EnhancerBySpringCGLIB$$dd1758a0] is not eligible for getting processed by all BeanPostProcessors (for example: not eligible for auto-proxying)
===2018-02-26 11:12:12.957 [main] INFO  org.springframework.boot.context.embedded.tomcat.TomcatEmbeddedServletContainer Line:88 -Tomcat initialized with port(s): 8080 (http)
===2018-02-26 11:12:12.971 [main] INFO  org.apache.catalina.core.StandardService Line:179-Starting service Tomcat
===2018-02-26 11:12:12.975 [main] INFO  org.apache.catalina.core.StandardEngine Line:179-Starting Servlet Engine: Apache Tomcat/8.5.4
===2018-02-26 11:12:13.442 [localhost-startStop-1] INFO  org.apache.jasper.servlet.TldScanner Line:179-At least one JAR was scanned for TLDs yet contained no TLDs. Enable debug logging for this logger for a complete list of JARs that were scanned but no TLDs were found in them. Skipping unneeded JARs during scanning can improve startup time and JSP compilation time.
===2018-02-26 11:12:13.445 [localhost-startStop-1] INFO  org.apache.catalina.core.ContainerBase.[Tomcat].[localhost].[/] Line:179-Initializing Spring embedded WebApplicationContext
===2018-02-26 11:12:13.445 [localhost-startStop-1] INFO  org.springframework.web.context.ContextLoader Line:276-Root WebApplicationContext: initialization completed in 2783 ms
===2018-02-26 11:12:13.826 [localhost-startStop-1] INFO  org.springframework.boot.web.servlet.ServletRegistrationBean Line:190-Mapping servlet: 'dispatcherServlet' to [/]
===2018-02-26 11:12:13.833 [localhost-startStop-1] INFO  org.springframework.boot.web.servlet.FilterRegistrationBean Line:258-Mapping filter: 'metricFilter' to: [/*]
===2018-02-26 11:12:13.834 [localhost-startStop-1] INFO  org.springframework.boot.web.servlet.FilterRegistrationBean Line:258-Mapping filter: 'characterEncodingFilter' to: [/*]
===2018-02-26 11:12:13.834 [localhost-startStop-1] INFO  org.springframework.boot.web.servlet.FilterRegistrationBean Line:258-Mapping filter: 'hiddenHttpMethodFilter' to: [/*]
===2018-02-26 11:12:13.835 [localhost-startStop-1] INFO  org.springframework.boot.web.servlet.FilterRegistrationBean Line:258-Mapping filter: 'httpPutFormContentFilter' to: [/*]
===2018-02-26 11:12:13.835 [localhost-startStop-1] INFO  org.springframework.boot.web.servlet.FilterRegistrationBean Line:258-Mapping filter: 'requestContextFilter' to: [/*]
===2018-02-26 11:12:13.836 [localhost-startStop-1] INFO  org.springframework.boot.web.servlet.FilterRegistrationBean Line:258-Mapping filter: 'webRequestLoggingFilter' to: [/*]
===2018-02-26 11:12:13.836 [localhost-startStop-1] INFO  org.springframework.boot.web.servlet.FilterRegistrationBean Line:258-Mapping filter: 'applicationContextIdFilter' to: [/*]
===2018-02-26 11:12:14.016 [main] INFO  org.apache.catalina.core.StandardService Line:179-Stopping service Tomcat
===2018-02-26 11:12:14.154 [main] INFO  org.springframework.boot.autoconfigure.logging.AutoConfigurationReportLoggingInitializer Line:101-

Error starting ApplicationContext. To display the auto-configuration report enable debug logging (start with --debug)


===2018-02-26 11:14:35.161 [main] INFO  com.army.Army Line:48 -Starting Army on USER-20171102JJ with PID 12408 (D:\wokspace\shangjia\army\target\classes started by Administrator in D:\wokspace\shangjia\army)
===2018-02-26 11:14:35.174 [main] INFO  com.army.Army Line:659-No active profile set, falling back to default profiles: default
===2018-02-26 11:14:35.263 [main] INFO  org.springframework.boot.context.embedded.AnnotationConfigEmbeddedWebApplicationContext Line:581-Refreshing org.springframework.boot.context.embedded.AnnotationConfigEmbeddedWebApplicationContext@49e53c76: startup date [Mon Feb 26 11:14:35 CST 2018]; root of context hierarchy
===2018-02-26 11:14:35.407 [background-preinit] INFO  org.hibernate.validator.internal.util.Version Line:30 -HV000001: Hibernate Validator 5.2.4.Final
===2018-02-26 11:14:37.021 [main] INFO  org.springframework.context.support.PostProcessorRegistrationDelegate$BeanPostProcessorChecker Line:328-Bean 'org.springframework.transaction.annotation.ProxyTransactionManagementConfiguration' of type [class org.springframework.transaction.annotation.ProxyTransactionManagementConfiguration$$EnhancerBySpringCGLIB$$86db462d] is not eligible for getting processed by all BeanPostProcessors (for example: not eligible for auto-proxying)
===2018-02-26 11:14:37.638 [main] INFO  org.springframework.boot.context.embedded.tomcat.TomcatEmbeddedServletContainer Line:88 -Tomcat initialized with port(s): 8080 (http)
===2018-02-26 11:14:37.654 [main] INFO  org.apache.catalina.core.StandardService Line:179-Starting service Tomcat
===2018-02-26 11:14:37.662 [main] INFO  org.apache.catalina.core.StandardEngine Line:179-Starting Servlet Engine: Apache Tomcat/8.5.4
===2018-02-26 11:14:38.220 [localhost-startStop-1] INFO  org.apache.jasper.servlet.TldScanner Line:179-At least one JAR was scanned for TLDs yet contained no TLDs. Enable debug logging for this logger for a complete list of JARs that were scanned but no TLDs were found in them. Skipping unneeded JARs during scanning can improve startup time and JSP compilation time.
===2018-02-26 11:14:38.222 [localhost-startStop-1] INFO  org.apache.catalina.core.ContainerBase.[Tomcat].[localhost].[/] Line:179-Initializing Spring embedded WebApplicationContext
===2018-02-26 11:14:38.223 [localhost-startStop-1] INFO  org.springframework.web.context.ContextLoader Line:276-Root WebApplicationContext: initialization completed in 2960 ms
===2018-02-26 11:14:38.576 [localhost-startStop-1] INFO  org.springframework.boot.web.servlet.ServletRegistrationBean Line:190-Mapping servlet: 'dispatcherServlet' to [/]
===2018-02-26 11:14:38.581 [localhost-startStop-1] INFO  org.springframework.boot.web.servlet.FilterRegistrationBean Line:258-Mapping filter: 'metricFilter' to: [/*]
===2018-02-26 11:14:38.582 [localhost-startStop-1] INFO  org.springframework.boot.web.servlet.FilterRegistrationBean Line:258-Mapping filter: 'characterEncodingFilter' to: [/*]
===2018-02-26 11:14:38.582 [localhost-startStop-1] INFO  org.springframework.boot.web.servlet.FilterRegistrationBean Line:258-Mapping filter: 'hiddenHttpMethodFilter' to: [/*]
===2018-02-26 11:14:38.583 [localhost-startStop-1] INFO  org.springframework.boot.web.servlet.FilterRegistrationBean Line:258-Mapping filter: 'httpPutFormContentFilter' to: [/*]
===2018-02-26 11:14:38.586 [localhost-startStop-1] INFO  org.springframework.boot.web.servlet.FilterRegistrationBean Line:258-Mapping filter: 'requestContextFilter' to: [/*]
===2018-02-26 11:14:38.587 [localhost-startStop-1] INFO  org.springframework.boot.web.servlet.FilterRegistrationBean Line:258-Mapping filter: 'webRequestLoggingFilter' to: [/*]
===2018-02-26 11:14:38.587 [localhost-startStop-1] INFO  org.springframework.boot.web.servlet.FilterRegistrationBean Line:258-Mapping filter: 'applicationContextIdFilter' to: [/*]
===2018-02-26 11:14:39.497 [main] INFO  org.springframework.web.servlet.mvc.method.annotation.RequestMappingHandlerAdapter Line:534-Looking for @ControllerAdvice: org.springframework.boot.context.embedded.AnnotationConfigEmbeddedWebApplicationContext@49e53c76: startup date [Mon Feb 26 11:14:35 CST 2018]; root of context hierarchy
===2018-02-26 11:14:39.566 [main] INFO  org.springframework.web.servlet.mvc.method.annotation.RequestMappingHandlerMapping Line:543-Mapped "{[/user/login],methods=[POST]}" onto public com.alibaba.fastjson.JSONObject com.army.controller.UserLoginController.userLogin(com.army.vo.UserLogin) throws java.lang.Exception
===2018-02-26 11:14:39.570 [main] INFO  org.springframework.web.servlet.mvc.method.annotation.RequestMappingHandlerMapping Line:543-Mapped "{[/user/regist],methods=[POST]}" onto public com.alibaba.fastjson.JSONObject com.army.controller.UserLoginController.userRegist(com.army.vo.UserLogin) throws java.lang.Exception
===2018-02-26 11:14:39.571 [main] INFO  org.springframework.web.servlet.mvc.method.annotation.RequestMappingHandlerMapping Line:543-Mapped "{[/data/page/{preFile}/{pageName}]}" onto public org.springframework.web.servlet.ModelAndView com.army.controller.WebJumpController.pageUrl(java.lang.String,java.lang.String)
===2018-02-26 11:14:39.572 [main] INFO  org.springframework.web.servlet.mvc.method.annotation.RequestMappingHandlerMapping Line:543-Mapped "{[/data/page/{pageName}]}" onto public org.springframework.web.servlet.ModelAndView com.army.controller.WebJumpController.pageUrl(java.lang.String)
===2018-02-26 11:14:39.573 [main] INFO  org.springframework.web.servlet.mvc.method.annotation.RequestMappingHandlerMapping Line:543-Mapped "{[/error]}" onto public org.springframework.http.ResponseEntity<java.util.Map<java.lang.String, java.lang.Object>> org.springframework.boot.autoconfigure.web.BasicErrorController.error(javax.servlet.http.HttpServletRequest)
===2018-02-26 11:14:39.574 [main] INFO  org.springframework.web.servlet.mvc.method.annotation.RequestMappingHandlerMapping Line:543-Mapped "{[/error],produces=[text/html]}" onto public org.springframework.web.servlet.ModelAndView org.springframework.boot.autoconfigure.web.BasicErrorController.errorHtml(javax.servlet.http.HttpServletRequest,javax.servlet.http.HttpServletResponse)
===2018-02-26 11:14:39.580 [main] INFO  org.springframework.web.servlet.config.annotation.WebMvcConfigurerAdapter Line:303-Adding welcome page: ServletContext resource [/index.html]
===2018-02-26 11:14:39.602 [main] INFO  org.springframework.web.servlet.handler.SimpleUrlHandlerMapping Line:341-Root mapping to handler of type [class org.springframework.web.servlet.mvc.ParameterizableViewController]
===2018-02-26 11:14:39.621 [main] INFO  org.springframework.web.servlet.handler.SimpleUrlHandlerMapping Line:354-Mapped URL path [/webjars/**] onto handler of type [class org.springframework.web.servlet.resource.ResourceHttpRequestHandler]
===2018-02-26 11:14:39.623 [main] INFO  org.springframework.web.servlet.handler.SimpleUrlHandlerMapping Line:354-Mapped URL path [/**] onto handler of type [class org.springframework.web.servlet.resource.ResourceHttpRequestHandler]
===2018-02-26 11:14:39.692 [main] INFO  org.springframework.web.servlet.handler.SimpleUrlHandlerMapping Line:354-Mapped URL path [/**/favicon.ico] onto handler of type [class org.springframework.web.servlet.resource.ResourceHttpRequestHandler]
===2018-02-26 11:14:40.174 [main] INFO  org.springframework.boot.actuate.endpoint.mvc.EndpointHandlerMapping Line:543-Mapped "{[/dump || /dump.json],methods=[GET],produces=[application/json]}" onto public java.lang.Object org.springframework.boot.actuate.endpoint.mvc.EndpointMvcAdapter.invoke()
===2018-02-26 11:14:40.177 [main] INFO  org.springframework.boot.actuate.endpoint.mvc.EndpointHandlerMapping Line:543-Mapped "{[/trace || /trace.json],methods=[GET],produces=[application/json]}" onto public java.lang.Object org.springframework.boot.actuate.endpoint.mvc.EndpointMvcAdapter.invoke()
===2018-02-26 11:14:40.178 [main] INFO  org.springframework.boot.actuate.endpoint.mvc.EndpointHandlerMapping Line:543-Mapped "{[/autoconfig || /autoconfig.json],methods=[GET],produces=[application/json]}" onto public java.lang.Object org.springframework.boot.actuate.endpoint.mvc.EndpointMvcAdapter.invoke()
===2018-02-26 11:14:40.178 [main] INFO  org.springframework.boot.actuate.endpoint.mvc.EndpointHandlerMapping Line:543-Mapped "{[/beans || /beans.json],methods=[GET],produces=[application/json]}" onto public java.lang.Object org.springframework.boot.actuate.endpoint.mvc.EndpointMvcAdapter.invoke()
===2018-02-26 11:14:40.179 [main] INFO  org.springframework.boot.actuate.endpoint.mvc.EndpointHandlerMapping Line:543-Mapped "{[/health || /health.json],produces=[application/json]}" onto public java.lang.Object org.springframework.boot.actuate.endpoint.mvc.HealthMvcEndpoint.invoke(java.security.Principal)
===2018-02-26 11:14:40.180 [main] INFO  org.springframework.boot.actuate.endpoint.mvc.EndpointHandlerMapping Line:543-Mapped "{[/info || /info.json],methods=[GET],produces=[application/json]}" onto public java.lang.Object org.springframework.boot.actuate.endpoint.mvc.EndpointMvcAdapter.invoke()
===2018-02-26 11:14:40.181 [main] INFO  org.springframework.boot.actuate.endpoint.mvc.EndpointHandlerMapping Line:543-Mapped "{[/logfile || /logfile.json],methods=[GET || HEAD]}" onto public void org.springframework.boot.actuate.endpoint.mvc.LogFileMvcEndpoint.invoke(javax.servlet.http.HttpServletRequest,javax.servlet.http.HttpServletResponse) throws javax.servlet.ServletException,java.io.IOException
===2018-02-26 11:14:40.182 [main] INFO  org.springframework.boot.actuate.endpoint.mvc.EndpointHandlerMapping Line:543-Mapped "{[/heapdump || /heapdump.json],methods=[GET],produces=[application/octet-stream]}" onto public void org.springframework.boot.actuate.endpoint.mvc.HeapdumpMvcEndpoint.invoke(boolean,javax.servlet.http.HttpServletRequest,javax.servlet.http.HttpServletResponse) throws java.io.IOException,javax.servlet.ServletException
===2018-02-26 11:14:40.182 [main] INFO  org.springframework.boot.actuate.endpoint.mvc.EndpointHandlerMapping Line:543-Mapped "{[/mappings || /mappings.json],methods=[GET],produces=[application/json]}" onto public java.lang.Object org.springframework.boot.actuate.endpoint.mvc.EndpointMvcAdapter.invoke()
===2018-02-26 11:14:40.184 [main] INFO  org.springframework.boot.actuate.endpoint.mvc.EndpointHandlerMapping Line:543-Mapped "{[/configprops || /configprops.json],methods=[GET],produces=[application/json]}" onto public java.lang.Object org.springframework.boot.actuate.endpoint.mvc.EndpointMvcAdapter.invoke()
===2018-02-26 11:14:40.187 [main] INFO  org.springframework.boot.actuate.endpoint.mvc.EndpointHandlerMapping Line:543-Mapped "{[/env/{name:.*}],methods=[GET],produces=[application/json]}" onto public java.lang.Object org.springframework.boot.actuate.endpoint.mvc.EnvironmentMvcEndpoint.value(java.lang.String)
===2018-02-26 11:14:40.188 [main] INFO  org.springframework.boot.actuate.endpoint.mvc.EndpointHandlerMapping Line:543-Mapped "{[/env || /env.json],methods=[GET],produces=[application/json]}" onto public java.lang.Object org.springframework.boot.actuate.endpoint.mvc.EndpointMvcAdapter.invoke()
===2018-02-26 11:14:40.188 [main] INFO  org.springframework.boot.actuate.endpoint.mvc.EndpointHandlerMapping Line:543-Mapped "{[/metrics/{name:.*}],methods=[GET],produces=[application/json]}" onto public java.lang.Object org.springframework.boot.actuate.endpoint.mvc.MetricsMvcEndpoint.value(java.lang.String)
===2018-02-26 11:14:40.188 [main] INFO  org.springframework.boot.actuate.endpoint.mvc.EndpointHandlerMapping Line:543-Mapped "{[/metrics || /metrics.json],methods=[GET],produces=[application/json]}" onto public java.lang.Object org.springframework.boot.actuate.endpoint.mvc.EndpointMvcAdapter.invoke()
===2018-02-26 11:14:40.442 [main] INFO  org.springframework.jmx.export.annotation.AnnotationMBeanExporter Line:431-Registering beans for JMX exposure on startup
===2018-02-26 11:14:40.457 [main] INFO  org.springframework.boot.actuate.endpoint.jmx.EndpointMBeanExporter Line:431-Registering beans for JMX exposure on startup
===2018-02-26 11:14:40.462 [main] INFO  org.springframework.context.support.DefaultLifecycleProcessor Line:341-Starting beans in phase 0
===2018-02-26 11:14:40.471 [main] INFO  org.springframework.boot.actuate.endpoint.jmx.EndpointMBeanExporter Line:674-Located managed bean 'requestMappingEndpoint': registering with JMX server as MBean [org.springframework.boot:type=Endpoint,name=requestMappingEndpoint]
===2018-02-26 11:14:40.490 [main] INFO  org.springframework.boot.actuate.endpoint.jmx.EndpointMBeanExporter Line:674-Located managed bean 'environmentEndpoint': registering with JMX server as MBean [org.springframework.boot:type=Endpoint,name=environmentEndpoint]
===2018-02-26 11:14:40.507 [main] INFO  org.springframework.boot.actuate.endpoint.jmx.EndpointMBeanExporter Line:674-Located managed bean 'healthEndpoint': registering with JMX server as MBean [org.springframework.boot:type=Endpoint,name=healthEndpoint]
===2018-02-26 11:14:40.511 [main] INFO  org.springframework.boot.actuate.endpoint.jmx.EndpointMBeanExporter Line:674-Located managed bean 'beansEndpoint': registering with JMX server as MBean [org.springframework.boot:type=Endpoint,name=beansEndpoint]
===2018-02-26 11:14:40.514 [main] INFO  org.springframework.boot.actuate.endpoint.jmx.EndpointMBeanExporter Line:674-Located managed bean 'infoEndpoint': registering with JMX server as MBean [org.springframework.boot:type=Endpoint,name=infoEndpoint]
===2018-02-26 11:14:40.520 [main] INFO  org.springframework.boot.actuate.endpoint.jmx.EndpointMBeanExporter Line:674-Located managed bean 'metricsEndpoint': registering with JMX server as MBean [org.springframework.boot:type=Endpoint,name=metricsEndpoint]
===2018-02-26 11:14:40.523 [main] INFO  org.springframework.boot.actuate.endpoint.jmx.EndpointMBeanExporter Line:674-Located managed bean 'traceEndpoint': registering with JMX server as MBean [org.springframework.boot:type=Endpoint,name=traceEndpoint]
===2018-02-26 11:14:40.527 [main] INFO  org.springframework.boot.actuate.endpoint.jmx.EndpointMBeanExporter Line:674-Located managed bean 'dumpEndpoint': registering with JMX server as MBean [org.springframework.boot:type=Endpoint,name=dumpEndpoint]
===2018-02-26 11:14:40.540 [main] INFO  org.springframework.boot.actuate.endpoint.jmx.EndpointMBeanExporter Line:674-Located managed bean 'autoConfigurationReportEndpoint': registering with JMX server as MBean [org.springframework.boot:type=Endpoint,name=autoConfigurationReportEndpoint]
===2018-02-26 11:14:40.543 [main] INFO  org.springframework.boot.actuate.endpoint.jmx.EndpointMBeanExporter Line:674-Located managed bean 'configurationPropertiesReportEndpoint': registering with JMX server as MBean [org.springframework.boot:type=Endpoint,name=configurationPropertiesReportEndpoint]
===2018-02-26 11:14:40.562 [main] INFO  org.apache.coyote.http11.Http11NioProtocol Line:179-Initializing ProtocolHandler ["http-nio-8080"]
===2018-02-26 11:14:40.584 [main] INFO  org.apache.coyote.http11.Http11NioProtocol Line:179-Starting ProtocolHandler [http-nio-8080]
===2018-02-26 11:14:40.598 [main] INFO  org.apache.tomcat.util.net.NioSelectorPool Line:179-Using a shared selector for servlet write/read
===2018-02-26 11:14:40.641 [main] INFO  org.springframework.boot.context.embedded.tomcat.TomcatEmbeddedServletContainer Line:186-Tomcat started on port(s): 8080 (http)
===2018-02-26 11:14:40.646 [main] INFO  com.army.Army Line:57 -Started Army in 6.189 seconds (JVM running for 7.158)
===2018-02-26 11:14:54.661 [http-nio-8080-exec-2] INFO  org.apache.catalina.core.ContainerBase.[Tomcat].[localhost].[/] Line:179-Initializing Spring FrameworkServlet 'dispatcherServlet'
===2018-02-26 11:14:54.662 [http-nio-8080-exec-2] INFO  org.springframework.web.servlet.DispatcherServlet Line:489-FrameworkServlet 'dispatcherServlet': initialization started
===2018-02-26 11:14:54.711 [http-nio-8080-exec-2] INFO  org.springframework.web.servlet.DispatcherServlet Line:508-FrameworkServlet 'dispatcherServlet': initialization completed in 49 ms
===2018-02-26 11:14:56.465 [http-nio-8080-exec-3] INFO  com.army.service.user.impl.UserLoginServiceImpl Line:38 -执行了 userLogin: {"userName":"admin","loginStatus":1}
===2018-02-26 11:16:17.711 [RMI TCP Connection(6)-127.0.0.1] INFO  org.springframework.boot.admin.SpringApplicationAdminMXBeanRegistrar$SpringApplicationAdmin Line:125-Application shutdown requested.
===2018-02-26 11:16:17.712 [RMI TCP Connection(6)-127.0.0.1] INFO  org.springframework.boot.context.embedded.AnnotationConfigEmbeddedWebApplicationContext Line:982-Closing org.springframework.boot.context.embedded.AnnotationConfigEmbeddedWebApplicationContext@49e53c76: startup date [Mon Feb 26 11:14:35 CST 2018]; root of context hierarchy
===2018-02-26 11:16:17.713 [RMI TCP Connection(6)-127.0.0.1] INFO  org.springframework.context.support.DefaultLifecycleProcessor Line:356-Stopping beans in phase 0
===2018-02-26 11:16:17.715 [RMI TCP Connection(6)-127.0.0.1] INFO  org.springframework.boot.actuate.endpoint.jmx.EndpointMBeanExporter Line:449-Unregistering JMX-exposed beans on shutdown
===2018-02-26 11:16:17.717 [RMI TCP Connection(6)-127.0.0.1] INFO  org.springframework.boot.actuate.endpoint.jmx.EndpointMBeanExporter Line:241-Unregistering JMX-exposed beans
===2018-02-26 11:16:17.718 [RMI TCP Connection(6)-127.0.0.1] INFO  org.springframework.jmx.export.annotation.AnnotationMBeanExporter Line:449-Unregistering JMX-exposed beans on shutdown
===2018-02-26 11:16:24.751 [main] INFO  com.army.Army Line:48 -Starting Army on USER-20171102JJ with PID 9256 (D:\wokspace\shangjia\army\target\classes started by Administrator in D:\wokspace\shangjia\army)
===2018-02-26 11:16:24.754 [main] INFO  com.army.Army Line:659-No active profile set, falling back to default profiles: default
===2018-02-26 11:16:24.837 [main] INFO  org.springframework.boot.context.embedded.AnnotationConfigEmbeddedWebApplicationContext Line:581-Refreshing org.springframework.boot.context.embedded.AnnotationConfigEmbeddedWebApplicationContext@49e53c76: startup date [Mon Feb 26 11:16:24 CST 2018]; root of context hierarchy
===2018-02-26 11:16:24.962 [background-preinit] INFO  org.hibernate.validator.internal.util.Version Line:30 -HV000001: Hibernate Validator 5.2.4.Final
===2018-02-26 11:16:26.465 [main] INFO  org.springframework.context.support.PostProcessorRegistrationDelegate$BeanPostProcessorChecker Line:328-Bean 'org.springframework.transaction.annotation.ProxyTransactionManagementConfiguration' of type [class org.springframework.transaction.annotation.ProxyTransactionManagementConfiguration$$EnhancerBySpringCGLIB$$86db462d] is not eligible for getting processed by all BeanPostProcessors (for example: not eligible for auto-proxying)
===2018-02-26 11:16:26.962 [main] INFO  org.springframework.boot.context.embedded.tomcat.TomcatEmbeddedServletContainer Line:88 -Tomcat initialized with port(s): 8080 (http)
===2018-02-26 11:16:26.975 [main] INFO  org.apache.catalina.core.StandardService Line:179-Starting service Tomcat
===2018-02-26 11:16:26.981 [main] INFO  org.apache.catalina.core.StandardEngine Line:179-Starting Servlet Engine: Apache Tomcat/8.5.4
===2018-02-26 11:16:27.463 [localhost-startStop-1] INFO  org.apache.jasper.servlet.TldScanner Line:179-At least one JAR was scanned for TLDs yet contained no TLDs. Enable debug logging for this logger for a complete list of JARs that were scanned but no TLDs were found in them. Skipping unneeded JARs during scanning can improve startup time and JSP compilation time.
===2018-02-26 11:16:27.467 [localhost-startStop-1] INFO  org.apache.catalina.core.ContainerBase.[Tomcat].[localhost].[/] Line:179-Initializing Spring embedded WebApplicationContext
===2018-02-26 11:16:27.468 [localhost-startStop-1] INFO  org.springframework.web.context.ContextLoader Line:276-Root WebApplicationContext: initialization completed in 2632 ms
===2018-02-26 11:16:27.824 [localhost-startStop-1] INFO  org.springframework.boot.web.servlet.ServletRegistrationBean Line:190-Mapping servlet: 'dispatcherServlet' to [/]
===2018-02-26 11:16:27.838 [localhost-startStop-1] INFO  org.springframework.boot.web.servlet.FilterRegistrationBean Line:258-Mapping filter: 'metricFilter' to: [/*]
===2018-02-26 11:16:27.838 [localhost-startStop-1] INFO  org.springframework.boot.web.servlet.FilterRegistrationBean Line:258-Mapping filter: 'characterEncodingFilter' to: [/*]
===2018-02-26 11:16:27.838 [localhost-startStop-1] INFO  org.springframework.boot.web.servlet.FilterRegistrationBean Line:258-Mapping filter: 'hiddenHttpMethodFilter' to: [/*]
===2018-02-26 11:16:27.839 [localhost-startStop-1] INFO  org.springframework.boot.web.servlet.FilterRegistrationBean Line:258-Mapping filter: 'httpPutFormContentFilter' to: [/*]
===2018-02-26 11:16:27.839 [localhost-startStop-1] INFO  org.springframework.boot.web.servlet.FilterRegistrationBean Line:258-Mapping filter: 'requestContextFilter' to: [/*]
===2018-02-26 11:16:27.839 [localhost-startStop-1] INFO  org.springframework.boot.web.servlet.FilterRegistrationBean Line:258-Mapping filter: 'webRequestLoggingFilter' to: [/*]
===2018-02-26 11:16:27.839 [localhost-startStop-1] INFO  org.springframework.boot.web.servlet.FilterRegistrationBean Line:258-Mapping filter: 'applicationContextIdFilter' to: [/*]
===2018-02-26 11:16:28.820 [main] INFO  org.springframework.web.servlet.mvc.method.annotation.RequestMappingHandlerAdapter Line:534-Looking for @ControllerAdvice: org.springframework.boot.context.embedded.AnnotationConfigEmbeddedWebApplicationContext@49e53c76: startup date [Mon Feb 26 11:16:24 CST 2018]; root of context hierarchy
===2018-02-26 11:16:28.967 [main] INFO  org.springframework.web.servlet.mvc.method.annotation.RequestMappingHandlerMapping Line:543-Mapped "{[/user/login],methods=[POST]}" onto public com.alibaba.fastjson.JSONObject com.army.controller.UserLoginController.userLogin(com.army.vo.UserLogin) throws java.lang.Exception
===2018-02-26 11:16:28.972 [main] INFO  org.springframework.web.servlet.mvc.method.annotation.RequestMappingHandlerMapping Line:543-Mapped "{[/user/regist],methods=[POST]}" onto public com.alibaba.fastjson.JSONObject com.army.controller.UserLoginController.userRegist(com.army.vo.UserLogin) throws java.lang.Exception
===2018-02-26 11:16:28.974 [main] INFO  org.springframework.web.servlet.mvc.method.annotation.RequestMappingHandlerMapping Line:543-Mapped "{[/data/page/{preFile}/{pageName}]}" onto public org.springframework.web.servlet.ModelAndView com.army.controller.WebJumpController.pageUrl(java.lang.String,java.lang.String)
===2018-02-26 11:16:28.975 [main] INFO  org.springframework.web.servlet.mvc.method.annotation.RequestMappingHandlerMapping Line:543-Mapped "{[/data/page/{pageName}]}" onto public org.springframework.web.servlet.ModelAndView com.army.controller.WebJumpController.pageUrl(java.lang.String)
===2018-02-26 11:16:28.979 [main] INFO  org.springframework.web.servlet.mvc.method.annotation.RequestMappingHandlerMapping Line:543-Mapped "{[/error]}" onto public org.springframework.http.ResponseEntity<java.util.Map<java.lang.String, java.lang.Object>> org.springframework.boot.autoconfigure.web.BasicErrorController.error(javax.servlet.http.HttpServletRequest)
===2018-02-26 11:16:28.980 [main] INFO  org.springframework.web.servlet.mvc.method.annotation.RequestMappingHandlerMapping Line:543-Mapped "{[/error],produces=[text/html]}" onto public org.springframework.web.servlet.ModelAndView org.springframework.boot.autoconfigure.web.BasicErrorController.errorHtml(javax.servlet.http.HttpServletRequest,javax.servlet.http.HttpServletResponse)
===2018-02-26 11:16:28.992 [main] INFO  org.springframework.web.servlet.config.annotation.WebMvcConfigurerAdapter Line:303-Adding welcome page: ServletContext resource [/index.html]
===2018-02-26 11:16:29.023 [main] INFO  org.springframework.web.servlet.handler.SimpleUrlHandlerMapping Line:341-Root mapping to handler of type [class org.springframework.web.servlet.mvc.ParameterizableViewController]
===2018-02-26 11:16:29.054 [main] INFO  org.springframework.web.servlet.handler.SimpleUrlHandlerMapping Line:354-Mapped URL path [/webjars/**] onto handler of type [class org.springframework.web.servlet.resource.ResourceHttpRequestHandler]
===2018-02-26 11:16:29.055 [main] INFO  org.springframework.web.servlet.handler.SimpleUrlHandlerMapping Line:354-Mapped URL path [/**] onto handler of type [class org.springframework.web.servlet.resource.ResourceHttpRequestHandler]
===2018-02-26 11:16:29.124 [main] INFO  org.springframework.web.servlet.handler.SimpleUrlHandlerMapping Line:354-Mapped URL path [/**/favicon.ico] onto handler of type [class org.springframework.web.servlet.resource.ResourceHttpRequestHandler]
===2018-02-26 11:16:29.805 [main] INFO  org.springframework.boot.actuate.endpoint.mvc.EndpointHandlerMapping Line:543-Mapped "{[/dump || /dump.json],methods=[GET],produces=[application/json]}" onto public java.lang.Object org.springframework.boot.actuate.endpoint.mvc.EndpointMvcAdapter.invoke()
===2018-02-26 11:16:29.807 [main] INFO  org.springframework.boot.actuate.endpoint.mvc.EndpointHandlerMapping Line:543-Mapped "{[/trace || /trace.json],methods=[GET],produces=[application/json]}" onto public java.lang.Object org.springframework.boot.actuate.endpoint.mvc.EndpointMvcAdapter.invoke()
===2018-02-26 11:16:29.810 [main] INFO  org.springframework.boot.actuate.endpoint.mvc.EndpointHandlerMapping Line:543-Mapped "{[/autoconfig || /autoconfig.json],methods=[GET],produces=[application/json]}" onto public java.lang.Object org.springframework.boot.actuate.endpoint.mvc.EndpointMvcAdapter.invoke()
===2018-02-26 11:16:29.812 [main] INFO  org.springframework.boot.actuate.endpoint.mvc.EndpointHandlerMapping Line:543-Mapped "{[/beans || /beans.json],methods=[GET],produces=[application/json]}" onto public java.lang.Object org.springframework.boot.actuate.endpoint.mvc.EndpointMvcAdapter.invoke()
===2018-02-26 11:16:29.815 [main] INFO  org.springframework.boot.actuate.endpoint.mvc.EndpointHandlerMapping Line:543-Mapped "{[/health || /health.json],produces=[application/json]}" onto public java.lang.Object org.springframework.boot.actuate.endpoint.mvc.HealthMvcEndpoint.invoke(java.security.Principal)
===2018-02-26 11:16:29.825 [main] INFO  org.springframework.boot.actuate.endpoint.mvc.EndpointHandlerMapping Line:543-Mapped "{[/info || /info.json],methods=[GET],produces=[application/json]}" onto public java.lang.Object org.springframework.boot.actuate.endpoint.mvc.EndpointMvcAdapter.invoke()
===2018-02-26 11:16:29.831 [main] INFO  org.springframework.boot.actuate.endpoint.mvc.EndpointHandlerMapping Line:543-Mapped "{[/logfile || /logfile.json],methods=[GET || HEAD]}" onto public void org.springframework.boot.actuate.endpoint.mvc.LogFileMvcEndpoint.invoke(javax.servlet.http.HttpServletRequest,javax.servlet.http.HttpServletResponse) throws javax.servlet.ServletException,java.io.IOException
===2018-02-26 11:16:29.834 [main] INFO  org.springframework.boot.actuate.endpoint.mvc.EndpointHandlerMapping Line:543-Mapped "{[/heapdump || /heapdump.json],methods=[GET],produces=[application/octet-stream]}" onto public void org.springframework.boot.actuate.endpoint.mvc.HeapdumpMvcEndpoint.invoke(boolean,javax.servlet.http.HttpServletRequest,javax.servlet.http.HttpServletResponse) throws java.io.IOException,javax.servlet.ServletException
===2018-02-26 11:16:29.838 [main] INFO  org.springframework.boot.actuate.endpoint.mvc.EndpointHandlerMapping Line:543-Mapped "{[/mappings || /mappings.json],methods=[GET],produces=[application/json]}" onto public java.lang.Object org.springframework.boot.actuate.endpoint.mvc.EndpointMvcAdapter.invoke()
===2018-02-26 11:16:29.841 [main] INFO  org.springframework.boot.actuate.endpoint.mvc.EndpointHandlerMapping Line:543-Mapped "{[/configprops || /configprops.json],methods=[GET],produces=[application/json]}" onto public java.lang.Object org.springframework.boot.actuate.endpoint.mvc.EndpointMvcAdapter.invoke()
===2018-02-26 11:16:29.847 [main] INFO  org.springframework.boot.actuate.endpoint.mvc.EndpointHandlerMapping Line:543-Mapped "{[/env/{name:.*}],methods=[GET],produces=[application/json]}" onto public java.lang.Object org.springframework.boot.actuate.endpoint.mvc.EnvironmentMvcEndpoint.value(java.lang.String)
===2018-02-26 11:16:29.848 [main] INFO  org.springframework.boot.actuate.endpoint.mvc.EndpointHandlerMapping Line:543-Mapped "{[/env || /env.json],methods=[GET],produces=[application/json]}" onto public java.lang.Object org.springframework.boot.actuate.endpoint.mvc.EndpointMvcAdapter.invoke()
===2018-02-26 11:16:29.851 [main] INFO  org.springframework.boot.actuate.endpoint.mvc.EndpointHandlerMapping Line:543-Mapped "{[/metrics/{name:.*}],methods=[GET],produces=[application/json]}" onto public java.lang.Object org.springframework.boot.actuate.endpoint.mvc.MetricsMvcEndpoint.value(java.lang.String)
===2018-02-26 11:16:29.851 [main] INFO  org.springframework.boot.actuate.endpoint.mvc.EndpointHandlerMapping Line:543-Mapped "{[/metrics || /metrics.json],methods=[GET],produces=[application/json]}" onto public java.lang.Object org.springframework.boot.actuate.endpoint.mvc.EndpointMvcAdapter.invoke()
===2018-02-26 11:16:30.238 [main] INFO  org.springframework.jmx.export.annotation.AnnotationMBeanExporter Line:431-Registering beans for JMX exposure on startup
===2018-02-26 11:16:30.244 [main] INFO  org.springframework.boot.actuate.endpoint.jmx.EndpointMBeanExporter Line:431-Registering beans for JMX exposure on startup
===2018-02-26 11:16:30.251 [main] INFO  org.springframework.context.support.DefaultLifecycleProcessor Line:341-Starting beans in phase 0
===2018-02-26 11:16:30.260 [main] INFO  org.springframework.boot.actuate.endpoint.jmx.EndpointMBeanExporter Line:674-Located managed bean 'requestMappingEndpoint': registering with JMX server as MBean [org.springframework.boot:type=Endpoint,name=requestMappingEndpoint]
===2018-02-26 11:16:30.293 [main] INFO  org.springframework.boot.actuate.endpoint.jmx.EndpointMBeanExporter Line:674-Located managed bean 'environmentEndpoint': registering with JMX server as MBean [org.springframework.boot:type=Endpoint,name=environmentEndpoint]
===2018-02-26 11:16:30.298 [main] INFO  org.springframework.boot.actuate.endpoint.jmx.EndpointMBeanExporter Line:674-Located managed bean 'healthEndpoint': registering with JMX server as MBean [org.springframework.boot:type=Endpoint,name=healthEndpoint]
===2018-02-26 11:16:30.308 [main] INFO  org.springframework.boot.actuate.endpoint.jmx.EndpointMBeanExporter Line:674-Located managed bean 'beansEndpoint': registering with JMX server as MBean [org.springframework.boot:type=Endpoint,name=beansEndpoint]
===2018-02-26 11:16:30.313 [main] INFO  org.springframework.boot.actuate.endpoint.jmx.EndpointMBeanExporter Line:674-Located managed bean 'infoEndpoint': registering with JMX server as MBean [org.springframework.boot:type=Endpoint,name=infoEndpoint]
===2018-02-26 11:16:30.317 [main] INFO  org.springframework.boot.actuate.endpoint.jmx.EndpointMBeanExporter Line:674-Located managed bean 'metricsEndpoint': registering with JMX server as MBean [org.springframework.boot:type=Endpoint,name=metricsEndpoint]
===2018-02-26 11:16:30.323 [main] INFO  org.springframework.boot.actuate.endpoint.jmx.EndpointMBeanExporter Line:674-Located managed bean 'traceEndpoint': registering with JMX server as MBean [org.springframework.boot:type=Endpoint,name=traceEndpoint]
===2018-02-26 11:16:30.327 [main] INFO  org.springframework.boot.actuate.endpoint.jmx.EndpointMBeanExporter Line:674-Located managed bean 'dumpEndpoint': registering with JMX server as MBean [org.springframework.boot:type=Endpoint,name=dumpEndpoint]
===2018-02-26 11:16:30.331 [main] INFO  org.springframework.boot.actuate.endpoint.jmx.EndpointMBeanExporter Line:674-Located managed bean 'autoConfigurationReportEndpoint': registering with JMX server as MBean [org.springframework.boot:type=Endpoint,name=autoConfigurationReportEndpoint]
===2018-02-26 11:16:30.341 [main] INFO  org.springframework.boot.actuate.endpoint.jmx.EndpointMBeanExporter Line:674-Located managed bean 'configurationPropertiesReportEndpoint': registering with JMX server as MBean [org.springframework.boot:type=Endpoint,name=configurationPropertiesReportEndpoint]
===2018-02-26 11:16:30.364 [main] INFO  org.apache.coyote.http11.Http11NioProtocol Line:179-Initializing ProtocolHandler ["http-nio-8080"]
===2018-02-26 11:16:30.387 [main] INFO  org.apache.coyote.http11.Http11NioProtocol Line:179-Starting ProtocolHandler [http-nio-8080]
===2018-02-26 11:16:30.396 [main] INFO  org.apache.tomcat.util.net.NioSelectorPool Line:179-Using a shared selector for servlet write/read
===2018-02-26 11:16:30.432 [main] INFO  org.springframework.boot.context.embedded.tomcat.TomcatEmbeddedServletContainer Line:186-Tomcat started on port(s): 8080 (http)
===2018-02-26 11:16:30.440 [main] INFO  com.army.Army Line:57 -Started Army in 6.41 seconds (JVM running for 7.382)
===2018-02-26 11:16:33.311 [http-nio-8080-exec-2] INFO  org.apache.catalina.core.ContainerBase.[Tomcat].[localhost].[/] Line:179-Initializing Spring FrameworkServlet 'dispatcherServlet'
===2018-02-26 11:16:33.312 [http-nio-8080-exec-2] INFO  org.springframework.web.servlet.DispatcherServlet Line:489-FrameworkServlet 'dispatcherServlet': initialization started
===2018-02-26 11:16:33.350 [http-nio-8080-exec-2] INFO  org.springframework.web.servlet.DispatcherServlet Line:508-FrameworkServlet 'dispatcherServlet': initialization completed in 37 ms
===2018-02-26 11:16:34.526 [http-nio-8080-exec-3] INFO  com.army.service.user.impl.UserLoginServiceImpl Line:39 -执行了 userLogin: {"failTip":"登录失败，用户名或密码错误","loginStatus":0}
===2018-02-26 11:16:54.078 [http-nio-8080-exec-7] INFO  com.army.service.user.impl.UserLoginServiceImpl Line:39 -执行了 userLogin: {"failTip":"登录成功","userName":"admin","loginStatus":1}
===2018-02-26 11:19:42.825 [RMI TCP Connection(8)-127.0.0.1] INFO  org.springframework.boot.admin.SpringApplicationAdminMXBeanRegistrar$SpringApplicationAdmin Line:125-Application shutdown requested.
===2018-02-26 11:19:42.825 [RMI TCP Connection(8)-127.0.0.1] INFO  org.springframework.boot.context.embedded.AnnotationConfigEmbeddedWebApplicationContext Line:982-Closing org.springframework.boot.context.embedded.AnnotationConfigEmbeddedWebApplicationContext@49e53c76: startup date [Mon Feb 26 11:16:24 CST 2018]; root of context hierarchy
===2018-02-26 11:19:42.827 [RMI TCP Connection(8)-127.0.0.1] INFO  org.springframework.context.support.DefaultLifecycleProcessor Line:356-Stopping beans in phase 0
===2018-02-26 11:19:42.828 [RMI TCP Connection(8)-127.0.0.1] INFO  org.springframework.boot.actuate.endpoint.jmx.EndpointMBeanExporter Line:449-Unregistering JMX-exposed beans on shutdown
===2018-02-26 11:19:42.829 [RMI TCP Connection(8)-127.0.0.1] INFO  org.springframework.boot.actuate.endpoint.jmx.EndpointMBeanExporter Line:241-Unregistering JMX-exposed beans
===2018-02-26 11:19:42.829 [RMI TCP Connection(8)-127.0.0.1] INFO  org.springframework.jmx.export.annotation.AnnotationMBeanExporter Line:449-Unregistering JMX-exposed beans on shutdown
===2018-02-26 11:19:51.719 [main] INFO  com.army.Army Line:48 -Starting Army on USER-20171102JJ with PID 11688 (D:\wokspace\shangjia\army\target\classes started by Administrator in D:\wokspace\shangjia\army)
===2018-02-26 11:19:51.727 [main] INFO  com.army.Army Line:659-No active profile set, falling back to default profiles: default
===2018-02-26 11:19:51.823 [main] INFO  org.springframework.boot.context.embedded.AnnotationConfigEmbeddedWebApplicationContext Line:581-Refreshing org.springframework.boot.context.embedded.AnnotationConfigEmbeddedWebApplicationContext@49e53c76: startup date [Mon Feb 26 11:19:51 CST 2018]; root of context hierarchy
===2018-02-26 11:19:51.974 [background-preinit] INFO  org.hibernate.validator.internal.util.Version Line:30 -HV000001: Hibernate Validator 5.2.4.Final
===2018-02-26 11:19:53.971 [main] INFO  org.springframework.context.support.PostProcessorRegistrationDelegate$BeanPostProcessorChecker Line:328-Bean 'org.springframework.transaction.annotation.ProxyTransactionManagementConfiguration' of type [class org.springframework.transaction.annotation.ProxyTransactionManagementConfiguration$$EnhancerBySpringCGLIB$$86db462d] is not eligible for getting processed by all BeanPostProcessors (for example: not eligible for auto-proxying)
===2018-02-26 11:19:54.631 [main] INFO  org.springframework.boot.context.embedded.tomcat.TomcatEmbeddedServletContainer Line:88 -Tomcat initialized with port(s): 8080 (http)
===2018-02-26 11:19:54.644 [main] INFO  org.apache.catalina.core.StandardService Line:179-Starting service Tomcat
===2018-02-26 11:19:54.645 [main] INFO  org.apache.catalina.core.StandardEngine Line:179-Starting Servlet Engine: Apache Tomcat/8.5.4
===2018-02-26 11:19:55.244 [localhost-startStop-1] INFO  org.apache.jasper.servlet.TldScanner Line:179-At least one JAR was scanned for TLDs yet contained no TLDs. Enable debug logging for this logger for a complete list of JARs that were scanned but no TLDs were found in them. Skipping unneeded JARs during scanning can improve startup time and JSP compilation time.
===2018-02-26 11:19:55.249 [localhost-startStop-1] INFO  org.apache.catalina.core.ContainerBase.[Tomcat].[localhost].[/] Line:179-Initializing Spring embedded WebApplicationContext
===2018-02-26 11:19:55.249 [localhost-startStop-1] INFO  org.springframework.web.context.ContextLoader Line:276-Root WebApplicationContext: initialization completed in 3426 ms
===2018-02-26 11:19:55.836 [localhost-startStop-1] INFO  org.springframework.boot.web.servlet.ServletRegistrationBean Line:190-Mapping servlet: 'dispatcherServlet' to [/]
===2018-02-26 11:19:55.844 [localhost-startStop-1] INFO  org.springframework.boot.web.servlet.FilterRegistrationBean Line:258-Mapping filter: 'metricFilter' to: [/*]
===2018-02-26 11:19:55.845 [localhost-startStop-1] INFO  org.springframework.boot.web.servlet.FilterRegistrationBean Line:258-Mapping filter: 'characterEncodingFilter' to: [/*]
===2018-02-26 11:19:55.845 [localhost-startStop-1] INFO  org.springframework.boot.web.servlet.FilterRegistrationBean Line:258-Mapping filter: 'hiddenHttpMethodFilter' to: [/*]
===2018-02-26 11:19:55.845 [localhost-startStop-1] INFO  org.springframework.boot.web.servlet.FilterRegistrationBean Line:258-Mapping filter: 'httpPutFormContentFilter' to: [/*]
===2018-02-26 11:19:55.846 [localhost-startStop-1] INFO  org.springframework.boot.web.servlet.FilterRegistrationBean Line:258-Mapping filter: 'requestContextFilter' to: [/*]
===2018-02-26 11:19:55.846 [localhost-startStop-1] INFO  org.springframework.boot.web.servlet.FilterRegistrationBean Line:258-Mapping filter: 'webRequestLoggingFilter' to: [/*]
===2018-02-26 11:19:55.846 [localhost-startStop-1] INFO  org.springframework.boot.web.servlet.FilterRegistrationBean Line:258-Mapping filter: 'applicationContextIdFilter' to: [/*]
===2018-02-26 11:19:57.104 [main] INFO  org.springframework.web.servlet.mvc.method.annotation.RequestMappingHandlerAdapter Line:534-Looking for @ControllerAdvice: org.springframework.boot.context.embedded.AnnotationConfigEmbeddedWebApplicationContext@49e53c76: startup date [Mon Feb 26 11:19:51 CST 2018]; root of context hierarchy
===2018-02-26 11:19:57.205 [main] INFO  org.springframework.web.servlet.mvc.method.annotation.RequestMappingHandlerMapping Line:543-Mapped "{[/user/regist],methods=[POST]}" onto public com.alibaba.fastjson.JSONObject com.army.controller.UserLoginController.userRegist(com.army.vo.UserLogin) throws java.lang.Exception
===2018-02-26 11:19:57.207 [main] INFO  org.springframework.web.servlet.mvc.method.annotation.RequestMappingHandlerMapping Line:543-Mapped "{[/user/login],methods=[POST]}" onto public com.alibaba.fastjson.JSONObject com.army.controller.UserLoginController.userLogin(com.army.vo.UserLogin) throws java.lang.Exception
===2018-02-26 11:19:57.208 [main] INFO  org.springframework.web.servlet.mvc.method.annotation.RequestMappingHandlerMapping Line:543-Mapped "{[/data/page/{preFile}/{pageName}]}" onto public org.springframework.web.servlet.ModelAndView com.army.controller.WebJumpController.pageUrl(java.lang.String,java.lang.String)
===2018-02-26 11:19:57.209 [main] INFO  org.springframework.web.servlet.mvc.method.annotation.RequestMappingHandlerMapping Line:543-Mapped "{[/data/page/{pageName}]}" onto public org.springframework.web.servlet.ModelAndView com.army.controller.WebJumpController.pageUrl(java.lang.String)
===2018-02-26 11:19:57.212 [main] INFO  org.springframework.web.servlet.mvc.method.annotation.RequestMappingHandlerMapping Line:543-Mapped "{[/error]}" onto public org.springframework.http.ResponseEntity<java.util.Map<java.lang.String, java.lang.Object>> org.springframework.boot.autoconfigure.web.BasicErrorController.error(javax.servlet.http.HttpServletRequest)
===2018-02-26 11:19:57.212 [main] INFO  org.springframework.web.servlet.mvc.method.annotation.RequestMappingHandlerMapping Line:543-Mapped "{[/error],produces=[text/html]}" onto public org.springframework.web.servlet.ModelAndView org.springframework.boot.autoconfigure.web.BasicErrorController.errorHtml(javax.servlet.http.HttpServletRequest,javax.servlet.http.HttpServletResponse)
===2018-02-26 11:19:57.228 [main] INFO  org.springframework.web.servlet.config.annotation.WebMvcConfigurerAdapter Line:303-Adding welcome page: ServletContext resource [/index.html]
===2018-02-26 11:19:57.256 [main] INFO  org.springframework.web.servlet.handler.SimpleUrlHandlerMapping Line:341-Root mapping to handler of type [class org.springframework.web.servlet.mvc.ParameterizableViewController]
===2018-02-26 11:19:57.299 [main] INFO  org.springframework.web.servlet.handler.SimpleUrlHandlerMapping Line:354-Mapped URL path [/webjars/**] onto handler of type [class org.springframework.web.servlet.resource.ResourceHttpRequestHandler]
===2018-02-26 11:19:57.299 [main] INFO  org.springframework.web.servlet.handler.SimpleUrlHandlerMapping Line:354-Mapped URL path [/**] onto handler of type [class org.springframework.web.servlet.resource.ResourceHttpRequestHandler]
===2018-02-26 11:19:57.403 [main] INFO  org.springframework.web.servlet.handler.SimpleUrlHandlerMapping Line:354-Mapped URL path [/**/favicon.ico] onto handler of type [class org.springframework.web.servlet.resource.ResourceHttpRequestHandler]
===2018-02-26 11:19:58.384 [main] INFO  org.springframework.boot.actuate.endpoint.mvc.EndpointHandlerMapping Line:543-Mapped "{[/dump || /dump.json],methods=[GET],produces=[application/json]}" onto public java.lang.Object org.springframework.boot.actuate.endpoint.mvc.EndpointMvcAdapter.invoke()
===2018-02-26 11:19:58.387 [main] INFO  org.springframework.boot.actuate.endpoint.mvc.EndpointHandlerMapping Line:543-Mapped "{[/trace || /trace.json],methods=[GET],produces=[application/json]}" onto public java.lang.Object org.springframework.boot.actuate.endpoint.mvc.EndpointMvcAdapter.invoke()
===2018-02-26 11:19:58.389 [main] INFO  org.springframework.boot.actuate.endpoint.mvc.EndpointHandlerMapping Line:543-Mapped "{[/autoconfig || /autoconfig.json],methods=[GET],produces=[application/json]}" onto public java.lang.Object org.springframework.boot.actuate.endpoint.mvc.EndpointMvcAdapter.invoke()
===2018-02-26 11:19:58.390 [main] INFO  org.springframework.boot.actuate.endpoint.mvc.EndpointHandlerMapping Line:543-Mapped "{[/beans || /beans.json],methods=[GET],produces=[application/json]}" onto public java.lang.Object org.springframework.boot.actuate.endpoint.mvc.EndpointMvcAdapter.invoke()
===2018-02-26 11:19:58.391 [main] INFO  org.springframework.boot.actuate.endpoint.mvc.EndpointHandlerMapping Line:543-Mapped "{[/health || /health.json],produces=[application/json]}" onto public java.lang.Object org.springframework.boot.actuate.endpoint.mvc.HealthMvcEndpoint.invoke(java.security.Principal)
===2018-02-26 11:19:58.393 [main] INFO  org.springframework.boot.actuate.endpoint.mvc.EndpointHandlerMapping Line:543-Mapped "{[/info || /info.json],methods=[GET],produces=[application/json]}" onto public java.lang.Object org.springframework.boot.actuate.endpoint.mvc.EndpointMvcAdapter.invoke()
===2018-02-26 11:19:58.394 [main] INFO  org.springframework.boot.actuate.endpoint.mvc.EndpointHandlerMapping Line:543-Mapped "{[/logfile || /logfile.json],methods=[GET || HEAD]}" onto public void org.springframework.boot.actuate.endpoint.mvc.LogFileMvcEndpoint.invoke(javax.servlet.http.HttpServletRequest,javax.servlet.http.HttpServletResponse) throws javax.servlet.ServletException,java.io.IOException
===2018-02-26 11:19:58.396 [main] INFO  org.springframework.boot.actuate.endpoint.mvc.EndpointHandlerMapping Line:543-Mapped "{[/heapdump || /heapdump.json],methods=[GET],produces=[application/octet-stream]}" onto public void org.springframework.boot.actuate.endpoint.mvc.HeapdumpMvcEndpoint.invoke(boolean,javax.servlet.http.HttpServletRequest,javax.servlet.http.HttpServletResponse) throws java.io.IOException,javax.servlet.ServletException
===2018-02-26 11:19:58.397 [main] INFO  org.springframework.boot.actuate.endpoint.mvc.EndpointHandlerMapping Line:543-Mapped "{[/mappings || /mappings.json],methods=[GET],produces=[application/json]}" onto public java.lang.Object org.springframework.boot.actuate.endpoint.mvc.EndpointMvcAdapter.invoke()
===2018-02-26 11:19:58.399 [main] INFO  org.springframework.boot.actuate.endpoint.mvc.EndpointHandlerMapping Line:543-Mapped "{[/configprops || /configprops.json],methods=[GET],produces=[application/json]}" onto public java.lang.Object org.springframework.boot.actuate.endpoint.mvc.EndpointMvcAdapter.invoke()
===2018-02-26 11:19:58.409 [main] INFO  org.springframework.boot.actuate.endpoint.mvc.EndpointHandlerMapping Line:543-Mapped "{[/env/{name:.*}],methods=[GET],produces=[application/json]}" onto public java.lang.Object org.springframework.boot.actuate.endpoint.mvc.EnvironmentMvcEndpoint.value(java.lang.String)
===2018-02-26 11:19:58.410 [main] INFO  org.springframework.boot.actuate.endpoint.mvc.EndpointHandlerMapping Line:543-Mapped "{[/env || /env.json],methods=[GET],produces=[application/json]}" onto public java.lang.Object org.springframework.boot.actuate.endpoint.mvc.EndpointMvcAdapter.invoke()
===2018-02-26 11:19:58.413 [main] INFO  org.springframework.boot.actuate.endpoint.mvc.EndpointHandlerMapping Line:543-Mapped "{[/metrics/{name:.*}],methods=[GET],produces=[application/json]}" onto public java.lang.Object org.springframework.boot.actuate.endpoint.mvc.MetricsMvcEndpoint.value(java.lang.String)
===2018-02-26 11:19:58.414 [main] INFO  org.springframework.boot.actuate.endpoint.mvc.EndpointHandlerMapping Line:543-Mapped "{[/metrics || /metrics.json],methods=[GET],produces=[application/json]}" onto public java.lang.Object org.springframework.boot.actuate.endpoint.mvc.EndpointMvcAdapter.invoke()
===2018-02-26 11:19:58.852 [main] INFO  org.springframework.jmx.export.annotation.AnnotationMBeanExporter Line:431-Registering beans for JMX exposure on startup
===2018-02-26 11:19:58.866 [main] INFO  org.springframework.boot.actuate.endpoint.jmx.EndpointMBeanExporter Line:431-Registering beans for JMX exposure on startup
===2018-02-26 11:19:58.879 [main] INFO  org.springframework.context.support.DefaultLifecycleProcessor Line:341-Starting beans in phase 0
===2018-02-26 11:19:58.890 [main] INFO  org.springframework.boot.actuate.endpoint.jmx.EndpointMBeanExporter Line:674-Located managed bean 'requestMappingEndpoint': registering with JMX server as MBean [org.springframework.boot:type=Endpoint,name=requestMappingEndpoint]
===2018-02-26 11:19:58.937 [main] INFO  org.springframework.boot.actuate.endpoint.jmx.EndpointMBeanExporter Line:674-Located managed bean 'environmentEndpoint': registering with JMX server as MBean [org.springframework.boot:type=Endpoint,name=environmentEndpoint]
===2018-02-26 11:19:58.945 [main] INFO  org.springframework.boot.actuate.endpoint.jmx.EndpointMBeanExporter Line:674-Located managed bean 'healthEndpoint': registering with JMX server as MBean [org.springframework.boot:type=Endpoint,name=healthEndpoint]
===2018-02-26 11:19:58.951 [main] INFO  org.springframework.boot.actuate.endpoint.jmx.EndpointMBeanExporter Line:674-Located managed bean 'beansEndpoint': registering with JMX server as MBean [org.springframework.boot:type=Endpoint,name=beansEndpoint]
===2018-02-26 11:19:58.959 [main] INFO  org.springframework.boot.actuate.endpoint.jmx.EndpointMBeanExporter Line:674-Located managed bean 'infoEndpoint': registering with JMX server as MBean [org.springframework.boot:type=Endpoint,name=infoEndpoint]
===2018-02-26 11:19:58.967 [main] INFO  org.springframework.boot.actuate.endpoint.jmx.EndpointMBeanExporter Line:674-Located managed bean 'metricsEndpoint': registering with JMX server as MBean [org.springframework.boot:type=Endpoint,name=metricsEndpoint]
===2018-02-26 11:19:58.975 [main] INFO  org.springframework.boot.actuate.endpoint.jmx.EndpointMBeanExporter Line:674-Located managed bean 'traceEndpoint': registering with JMX server as MBean [org.springframework.boot:type=Endpoint,name=traceEndpoint]
===2018-02-26 11:19:58.981 [main] INFO  org.springframework.boot.actuate.endpoint.jmx.EndpointMBeanExporter Line:674-Located managed bean 'dumpEndpoint': registering with JMX server as MBean [org.springframework.boot:type=Endpoint,name=dumpEndpoint]
===2018-02-26 11:19:58.993 [main] INFO  org.springframework.boot.actuate.endpoint.jmx.EndpointMBeanExporter Line:674-Located managed bean 'autoConfigurationReportEndpoint': registering with JMX server as MBean [org.springframework.boot:type=Endpoint,name=autoConfigurationReportEndpoint]
===2018-02-26 11:19:58.997 [main] INFO  org.springframework.boot.actuate.endpoint.jmx.EndpointMBeanExporter Line:674-Located managed bean 'configurationPropertiesReportEndpoint': registering with JMX server as MBean [org.springframework.boot:type=Endpoint,name=configurationPropertiesReportEndpoint]
===2018-02-26 11:19:59.032 [main] INFO  org.apache.coyote.http11.Http11NioProtocol Line:179-Initializing ProtocolHandler ["http-nio-8080"]
===2018-02-26 11:19:59.052 [main] INFO  org.apache.coyote.http11.Http11NioProtocol Line:179-Starting ProtocolHandler [http-nio-8080]
===2018-02-26 11:19:59.077 [main] INFO  org.apache.tomcat.util.net.NioSelectorPool Line:179-Using a shared selector for servlet write/read
===2018-02-26 11:19:59.144 [main] INFO  org.springframework.boot.context.embedded.tomcat.TomcatEmbeddedServletContainer Line:186-Tomcat started on port(s): 8080 (http)
===2018-02-26 11:19:59.149 [main] INFO  com.army.Army Line:57 -Started Army in 8.066 seconds (JVM running for 9.073)
===2018-02-26 11:22:18.309 [http-nio-8080-exec-1] INFO  org.apache.catalina.core.ContainerBase.[Tomcat].[localhost].[/] Line:179-Initializing Spring FrameworkServlet 'dispatcherServlet'
===2018-02-26 11:22:18.309 [http-nio-8080-exec-1] INFO  org.springframework.web.servlet.DispatcherServlet Line:489-FrameworkServlet 'dispatcherServlet': initialization started
===2018-02-26 11:22:18.338 [http-nio-8080-exec-1] INFO  org.springframework.web.servlet.DispatcherServlet Line:508-FrameworkServlet 'dispatcherServlet': initialization completed in 29 ms
===2018-02-26 11:22:40.759 [http-nio-8080-exec-8] INFO  com.army.service.user.impl.UserLoginServiceImpl Line:39 -执行了 userLogin: {"loginTip":"登录成功","userName":"admin","loginStatus":1}
