===2018-02-28 12:03:49.201 [http-nio-8080-exec-10] ERROR com.army.service.news.impl.NewsServiceImpl Line:68 -程序异常，新闻添加失败null
===2018-02-28 12:04:26.824 [http-nio-8080-exec-1] ERROR com.army.service.news.impl.NewsServiceImpl Line:68 -程序异常，新闻添加失败null
===2018-02-28 12:07:01.968 [http-nio-8080-exec-2] ERROR com.army.service.news.impl.NewsServiceImpl Line:68 -程序异常，新闻添加失败null
===2018-02-28 12:10:01.146 [http-nio-8080-exec-9] ERROR com.army.service.news.impl.NewsServiceImpl Line:69 -程序异常，新闻添加失败
### Error updating database.  Cause: com.microsoft.sqlserver.jdbc.SQLServerException: 列名 'newName' 无效。
### The error may involve com.army.dao.NewsMapper.insertNews-Inline
### The error occurred while setting parameters
### SQL: INSERT INTO tb_new_info            (new_name            ,new_content            ,new_type            ,new_author            ,new_remark            ,create_name            ,new_imgs            ,is_valid            ,create_time            ,update_time)       VALUES            (newName,             newContent,             newType,             newAuthor,             newRemark,             createName,             newImgs,             valid,             GETDATE(),             GETDATE())
### Cause: com.microsoft.sqlserver.jdbc.SQLServerException: 列名 'newName' 无效。
; bad SQL grammar []; nested exception is com.microsoft.sqlserver.jdbc.SQLServerException: 列名 'newName' 无效。
===2018-02-28 12:12:40.083 [http-nio-8080-exec-5] ERROR com.army.service.news.impl.NewsServiceImpl Line:69 -程序异常，新闻添加失败
### Error updating database.  Cause: com.microsoft.sqlserver.jdbc.SQLServerException: 列名 'newName' 无效。
### The error may involve com.army.dao.NewsMapper.insertNews-Inline
### The error occurred while setting parameters
### SQL: INSERT INTO tb_new_info            (new_name            ,new_content            ,new_type            ,new_author            ,new_remark            ,create_name            ,new_imgs            ,is_valid            ,create_time            ,update_time)       VALUES            (newName,             newContent,             newType,             newAuthor,             newRemark,             createName,             newImgs,             valid,             GETDATE(),             GETDATE())
### Cause: com.microsoft.sqlserver.jdbc.SQLServerException: 列名 'newName' 无效。
; bad SQL grammar []; nested exception is com.microsoft.sqlserver.jdbc.SQLServerException: 列名 'newName' 无效。
===2018-02-28 12:15:57.094 [http-nio-8080-exec-9] ERROR com.army.service.news.impl.NewsServiceImpl Line:70 -程序异常，新闻添加失败nested exception is org.apache.ibatis.reflection.ReflectionException: There is no getter for property named 'newImgs' in 'class com.army.vo.NewsInfo'
===2018-02-28 13:03:18.607 [http-nio-8080-exec-1] ERROR com.army.service.news.impl.NewsServiceImpl Line:70 -程序异常，新闻添加失败nested exception is org.apache.ibatis.reflection.ReflectionException: There is no getter for property named 'newImgs' in 'class com.army.vo.NewsInfo'
===2018-02-28 13:05:56.137 [http-nio-8080-exec-9] ERROR com.army.service.news.impl.NewsServiceImpl Line:70 -程序异常，新闻添加失败
### Error updating database.  Cause: com.microsoft.sqlserver.jdbc.SQLServerException: 不能将值 NULL 插入列 'create_name'，表 'army.dbo.tb_new_info'；列不允许有 Null 值。INSERT 失败。
### The error may involve com.army.dao.NewsMapper.insertNews-Inline
### The error occurred while setting parameters
### SQL: INSERT INTO tb_new_info             (new_name             ,new_content             ,new_type             ,new_author             ,new_remark             ,create_name             ,new_imgs             ,is_valid             ,create_time             ,update_time)        VALUES             (?,              ?,              ?,              ?,              ?,              ?,              ?,              ?,              GETDATE(),              GETDATE())
### Cause: com.microsoft.sqlserver.jdbc.SQLServerException: 不能将值 NULL 插入列 'create_name'，表 'army.dbo.tb_new_info'；列不允许有 Null 值。INSERT 失败。
; SQL []; 不能将值 NULL 插入列 'create_name'，表 'army.dbo.tb_new_info'；列不允许有 Null 值。INSERT 失败。; nested exception is com.microsoft.sqlserver.jdbc.SQLServerException: 不能将值 NULL 插入列 'create_name'，表 'army.dbo.tb_new_info'；列不允许有 Null 值。INSERT 失败。
===2018-02-28 13:07:30.219 [http-nio-8080-exec-1] ERROR com.army.service.news.impl.NewsServiceImpl Line:70 -程序异常，新闻添加失败
### Error updating database.  Cause: com.microsoft.sqlserver.jdbc.SQLServerException: 不能将值 NULL 插入列 'create_name'，表 'army.dbo.tb_new_info'；列不允许有 Null 值。INSERT 失败。
### The error may involve com.army.dao.NewsMapper.insertNews-Inline
### The error occurred while setting parameters
### SQL: INSERT INTO tb_new_info             (new_name             ,new_content             ,new_type             ,new_author             ,new_remark             ,create_name             ,new_imgs             ,is_valid             ,create_time             ,update_time)        VALUES             (?,              ?,              ?,              ?,              ?,              ?,              ?,              ?,              GETDATE(),              GETDATE())
### Cause: com.microsoft.sqlserver.jdbc.SQLServerException: 不能将值 NULL 插入列 'create_name'，表 'army.dbo.tb_new_info'；列不允许有 Null 值。INSERT 失败。
; SQL []; 不能将值 NULL 插入列 'create_name'，表 'army.dbo.tb_new_info'；列不允许有 Null 值。INSERT 失败。; nested exception is com.microsoft.sqlserver.jdbc.SQLServerException: 不能将值 NULL 插入列 'create_name'，表 'army.dbo.tb_new_info'；列不允许有 Null 值。INSERT 失败。
===2018-02-28 13:10:53.539 [http-nio-8080-exec-3] ERROR com.army.service.news.impl.NewsServiceImpl Line:70 -程序异常，新闻添加失败
### Error updating database.  Cause: com.microsoft.sqlserver.jdbc.SQLServerException: 不能将值 NULL 插入列 'create_name'，表 'army.dbo.tb_new_info'；列不允许有 Null 值。INSERT 失败。
### The error may involve com.army.dao.NewsMapper.insertNews-Inline
### The error occurred while setting parameters
### SQL: INSERT INTO tb_new_info             (new_name             ,new_content             ,new_type             ,new_author             ,new_remark             ,create_name             ,new_imgs             ,is_valid             ,create_time             ,update_time)        VALUES             (?,              ?,              ?,              ?,              ?,              ?,              ?,              ?,              GETDATE(),              GETDATE())
### Cause: com.microsoft.sqlserver.jdbc.SQLServerException: 不能将值 NULL 插入列 'create_name'，表 'army.dbo.tb_new_info'；列不允许有 Null 值。INSERT 失败。
; SQL []; 不能将值 NULL 插入列 'create_name'，表 'army.dbo.tb_new_info'；列不允许有 Null 值。INSERT 失败。; nested exception is com.microsoft.sqlserver.jdbc.SQLServerException: 不能将值 NULL 插入列 'create_name'，表 'army.dbo.tb_new_info'；列不允许有 Null 值。INSERT 失败。
===2018-02-28 13:12:20.316 [http-nio-8080-exec-9] ERROR com.army.service.news.impl.NewsServiceImpl Line:70 -程序异常，新闻添加失败Error selecting key or setting result to parameter object. Cause: com.microsoft.sqlserver.jdbc.SQLServerException: 'LAST_INSERT_ID' 不是可以识别的 内置函数名称。
; uncategorized SQLException for SQL []; SQL state [S00010]; error code [195]; 'LAST_INSERT_ID' 不是可以识别的 内置函数名称。; nested exception is com.microsoft.sqlserver.jdbc.SQLServerException: 'LAST_INSERT_ID' 不是可以识别的 内置函数名称。
===2018-02-28 13:14:36.590 [http-nio-8080-exec-9] ERROR com.army.service.news.impl.NewsServiceImpl Line:70 -程序异常，新闻添加失败nested exception is org.apache.ibatis.executor.ExecutorException: Error selecting key or setting result to parameter object. Cause: org.apache.ibatis.reflection.ReflectionException: Could not set property 'newId' of 'class com.army.vo.NewsInfo' with value '5' Cause: java.lang.IllegalArgumentException: argument type mismatch
===2018-02-28 13:17:58.829 [http-nio-8080-exec-10] ERROR com.army.service.news.impl.NewsServiceImpl Line:70 -程序异常，新闻添加失败
### Error updating database.  Cause: com.microsoft.sqlserver.jdbc.SQLServerException: 列名 'optName' 无效。
### The error may involve com.army.dao.OperateMapper.inserObject-Inline
### The error occurred while setting parameters
### SQL: INSERT INTO tb_operate_record            (opt_name            ,opt_remark            ,opt_user_id            ,type_id            ,create_time)       VALUES            (optName            ,optRemark            ,optUserId            ,typeId            ,GETDATE())
### Cause: com.microsoft.sqlserver.jdbc.SQLServerException: 列名 'optName' 无效。
; bad SQL grammar []; nested exception is com.microsoft.sqlserver.jdbc.SQLServerException: 列名 'optName' 无效。
===2018-02-28 13:19:10.317 [main] ERROR org.apache.coyote.http11.Http11NioProtocol Line:181-Failed to start end point associated with ProtocolHandler [http-nio-8080]
java.net.BindException: Address already in use: bind
	at sun.nio.ch.Net.bind0(Native Method)
	at sun.nio.ch.Net.bind(Net.java:433)
	at sun.nio.ch.Net.bind(Net.java:425)
	at sun.nio.ch.ServerSocketChannelImpl.bind(ServerSocketChannelImpl.java:223)
	at sun.nio.ch.ServerSocketAdaptor.bind(ServerSocketAdaptor.java:74)
	at org.apache.tomcat.util.net.NioEndpoint.bind(NioEndpoint.java:229)
	at org.apache.tomcat.util.net.AbstractEndpoint.start(AbstractEndpoint.java:874)
	at org.apache.coyote.AbstractProtocol.start(AbstractProtocol.java:573)
	at org.apache.catalina.connector.Connector.startInternal(Connector.java:1035)
	at org.apache.catalina.util.LifecycleBase.start(LifecycleBase.java:152)
	at org.apache.catalina.core.StandardService.addConnector(StandardService.java:225)
	at org.springframework.boot.context.embedded.tomcat.TomcatEmbeddedServletContainer.addPreviouslyRemovedConnectors(TomcatEmbeddedServletContainer.java:234)
	at org.springframework.boot.context.embedded.tomcat.TomcatEmbeddedServletContainer.start(TomcatEmbeddedServletContainer.java:179)
	at org.springframework.boot.context.embedded.EmbeddedWebApplicationContext.startEmbeddedServletContainer(EmbeddedWebApplicationContext.java:297)
	at org.springframework.boot.context.embedded.EmbeddedWebApplicationContext.finishRefresh(EmbeddedWebApplicationContext.java:145)
	at org.springframework.context.support.AbstractApplicationContext.refresh(AbstractApplicationContext.java:544)
	at org.springframework.boot.context.embedded.EmbeddedWebApplicationContext.refresh(EmbeddedWebApplicationContext.java:122)
	at org.springframework.boot.SpringApplication.refresh(SpringApplication.java:759)
	at org.springframework.boot.SpringApplication.refreshContext(SpringApplication.java:369)
	at org.springframework.boot.SpringApplication.run(SpringApplication.java:313)
	at com.army.Army.main(Army.java:18)
===2018-02-28 13:19:10.318 [main] ERROR org.apache.catalina.core.StandardService Line:181-Failed to start connector [Connector[HTTP/1.1-8080]]
org.apache.catalina.LifecycleException: Failed to start component [Connector[HTTP/1.1-8080]]
	at org.apache.catalina.util.LifecycleBase.start(LifecycleBase.java:158)
	at org.apache.catalina.core.StandardService.addConnector(StandardService.java:225)
	at org.springframework.boot.context.embedded.tomcat.TomcatEmbeddedServletContainer.addPreviouslyRemovedConnectors(TomcatEmbeddedServletContainer.java:234)
	at org.springframework.boot.context.embedded.tomcat.TomcatEmbeddedServletContainer.start(TomcatEmbeddedServletContainer.java:179)
	at org.springframework.boot.context.embedded.EmbeddedWebApplicationContext.startEmbeddedServletContainer(EmbeddedWebApplicationContext.java:297)
	at org.springframework.boot.context.embedded.EmbeddedWebApplicationContext.finishRefresh(EmbeddedWebApplicationContext.java:145)
	at org.springframework.context.support.AbstractApplicationContext.refresh(AbstractApplicationContext.java:544)
	at org.springframework.boot.context.embedded.EmbeddedWebApplicationContext.refresh(EmbeddedWebApplicationContext.java:122)
	at org.springframework.boot.SpringApplication.refresh(SpringApplication.java:759)
	at org.springframework.boot.SpringApplication.refreshContext(SpringApplication.java:369)
	at org.springframework.boot.SpringApplication.run(SpringApplication.java:313)
	at com.army.Army.main(Army.java:18)
Caused by: org.apache.catalina.LifecycleException: service.getName(): "Tomcat";  Protocol handler start failed
	at org.apache.catalina.connector.Connector.startInternal(Connector.java:1042)
	at org.apache.catalina.util.LifecycleBase.start(LifecycleBase.java:152)
	... 11 common frames omitted
Caused by: java.net.BindException: Address already in use: bind
	at sun.nio.ch.Net.bind0(Native Method)
	at sun.nio.ch.Net.bind(Net.java:433)
	at sun.nio.ch.Net.bind(Net.java:425)
	at sun.nio.ch.ServerSocketChannelImpl.bind(ServerSocketChannelImpl.java:223)
	at sun.nio.ch.ServerSocketAdaptor.bind(ServerSocketAdaptor.java:74)
	at org.apache.tomcat.util.net.NioEndpoint.bind(NioEndpoint.java:229)
	at org.apache.tomcat.util.net.AbstractEndpoint.start(AbstractEndpoint.java:874)
	at org.apache.coyote.AbstractProtocol.start(AbstractProtocol.java:573)
	at org.apache.catalina.connector.Connector.startInternal(Connector.java:1035)
	... 12 common frames omitted
===2018-02-28 13:19:10.394 [main] ERROR org.springframework.boot.diagnostics.LoggingFailureAnalysisReporter Line:42 -

***************************
APPLICATION FAILED TO START
***************************

Description:

Embedded servlet container failed to start. Port 8080 was already in use.

Action:

Identify and stop the process that's listening on port 8080 or configure this application to listen on another port.

===2018-02-28 13:19:25.617 [http-nio-8080-exec-9] ERROR com.army.service.news.impl.NewsServiceImpl Line:70 -程序异常，新闻添加失败nested exception is org.apache.ibatis.reflection.ReflectionException: There is no getter for property named 'GETDATE()' in 'class com.army.vo.OperateInfo'
===2018-02-28 13:23:30.342 [http-nio-8080-exec-10] ERROR com.army.service.news.impl.NewsServiceImpl Line:71 -程序异常，新闻添加失败Mapper method 'com.army.dao.OperateMapper.inserObject' has an unsupported return type: class com.alibaba.fastjson.JSONObject
