===2018-02-28 14:52:15.809 [main] INFO  com.army.Army Line:48 -Starting Army on wang-pc with PID 40180 (D:\wokspace\shangjia\army\app\target\classes started by Administrator in D:\wokspace\shangjia\army\app)
===2018-02-28 14:52:15.812 [main] INFO  com.army.Army Line:659-No active profile set, falling back to default profiles: default
===2018-02-28 14:52:15.886 [main] INFO  org.springframework.boot.context.embedded.AnnotationConfigEmbeddedWebApplicationContext Line:581-Refreshing org.springframework.boot.context.embedded.AnnotationConfigEmbeddedWebApplicationContext@49e53c76: startup date [Wed Feb 28 14:52:15 CST 2018]; root of context hierarchy
===2018-02-28 14:52:15.947 [background-preinit] INFO  org.hibernate.validator.internal.util.Version Line:30 -HV000001: Hibernate Validator 5.2.4.Final
===2018-02-28 14:52:16.800 [main] INFO  org.springframework.context.support.PostProcessorRegistrationDelegate$BeanPostProcessorChecker Line:328-Bean 'org.springframework.transaction.annotation.ProxyTransactionManagementConfiguration' of type [class org.springframework.transaction.annotation.ProxyTransactionManagementConfiguration$$EnhancerBySpringCGLIB$$ee940d7a] is not eligible for getting processed by all BeanPostProcessors (for example: not eligible for auto-proxying)
===2018-02-28 14:52:17.078 [main] INFO  org.springframework.boot.context.embedded.tomcat.TomcatEmbeddedServletContainer Line:88 -Tomcat initialized with port(s): 8080 (http)
===2018-02-28 14:52:17.087 [main] INFO  org.apache.catalina.core.StandardService Line:179-Starting service Tomcat
===2018-02-28 14:52:17.088 [main] INFO  org.apache.catalina.core.StandardEngine Line:179-Starting Servlet Engine: Apache Tomcat/8.5.4
===2018-02-28 14:52:17.500 [localhost-startStop-1] INFO  org.apache.jasper.servlet.TldScanner Line:179-At least one JAR was scanned for TLDs yet contained no TLDs. Enable debug logging for this logger for a complete list of JARs that were scanned but no TLDs were found in them. Skipping unneeded JARs during scanning can improve startup time and JSP compilation time.
===2018-02-28 14:52:17.502 [localhost-startStop-1] INFO  org.apache.catalina.core.ContainerBase.[Tomcat].[localhost].[/] Line:179-Initializing Spring embedded WebApplicationContext
===2018-02-28 14:52:17.502 [localhost-startStop-1] INFO  org.springframework.web.context.ContextLoader Line:276-Root WebApplicationContext: initialization completed in 1616 ms
===2018-02-28 14:52:17.695 [localhost-startStop-1] INFO  org.springframework.boot.web.servlet.ServletRegistrationBean Line:190-Mapping servlet: 'dispatcherServlet' to [/]
===2018-02-28 14:52:17.699 [localhost-startStop-1] INFO  org.springframework.boot.web.servlet.FilterRegistrationBean Line:258-Mapping filter: 'metricFilter' to: [/*]
===2018-02-28 14:52:17.699 [localhost-startStop-1] INFO  org.springframework.boot.web.servlet.FilterRegistrationBean Line:258-Mapping filter: 'characterEncodingFilter' to: [/*]
===2018-02-28 14:52:17.699 [localhost-startStop-1] INFO  org.springframework.boot.web.servlet.FilterRegistrationBean Line:258-Mapping filter: 'hiddenHttpMethodFilter' to: [/*]
===2018-02-28 14:52:17.699 [localhost-startStop-1] INFO  org.springframework.boot.web.servlet.FilterRegistrationBean Line:258-Mapping filter: 'httpPutFormContentFilter' to: [/*]
===2018-02-28 14:52:17.700 [localhost-startStop-1] INFO  org.springframework.boot.web.servlet.FilterRegistrationBean Line:258-Mapping filter: 'requestContextFilter' to: [/*]
===2018-02-28 14:52:17.700 [localhost-startStop-1] INFO  org.springframework.boot.web.servlet.FilterRegistrationBean Line:258-Mapping filter: 'webRequestLoggingFilter' to: [/*]
===2018-02-28 14:52:17.700 [localhost-startStop-1] INFO  org.springframework.boot.web.servlet.FilterRegistrationBean Line:258-Mapping filter: 'applicationContextIdFilter' to: [/*]
===2018-02-28 14:52:18.349 [main] INFO  org.springframework.web.servlet.mvc.method.annotation.RequestMappingHandlerAdapter Line:534-Looking for @ControllerAdvice: org.springframework.boot.context.embedded.AnnotationConfigEmbeddedWebApplicationContext@49e53c76: startup date [Wed Feb 28 14:52:15 CST 2018]; root of context hierarchy
===2018-02-28 14:52:18.395 [main] INFO  org.springframework.web.servlet.mvc.method.annotation.RequestMappingHandlerMapping Line:543-Mapped "{[/data/login],methods=[POST]}" onto public com.alibaba.fastjson.JSONObject com.army.controller.WebJumpController.userLogin(javax.servlet.http.HttpServletRequest,com.army.vo.UserInfo) throws java.lang.Exception
===2018-02-28 14:52:18.396 [main] INFO  org.springframework.web.servlet.mvc.method.annotation.RequestMappingHandlerMapping Line:543-Mapped "{[/data/regist],methods=[POST]}" onto public com.alibaba.fastjson.JSONObject com.army.controller.WebJumpController.userRegist(com.army.vo.UserInfo) throws java.lang.Exception
===2018-02-28 14:52:18.396 [main] INFO  org.springframework.web.servlet.mvc.method.annotation.RequestMappingHandlerMapping Line:543-Mapped "{[/data/updateNew],methods=[POST]}" onto public com.alibaba.fastjson.JSONObject com.army.controller.WebJumpController.updateNew(javax.servlet.http.HttpServletRequest,com.army.vo.NewsInfo) throws java.lang.Exception
===2018-02-28 14:52:18.397 [main] INFO  org.springframework.web.servlet.mvc.method.annotation.RequestMappingHandlerMapping Line:543-Mapped "{[/data/page/{preFile}/{pageName}]}" onto public org.springframework.web.servlet.ModelAndView com.army.controller.WebJumpController.pageUrl(java.lang.String,java.lang.String)
===2018-02-28 14:52:18.397 [main] INFO  org.springframework.web.servlet.mvc.method.annotation.RequestMappingHandlerMapping Line:543-Mapped "{[/data/page/{pageName}]}" onto public org.springframework.web.servlet.ModelAndView com.army.controller.WebJumpController.pageUrl(java.lang.String)
===2018-02-28 14:52:18.397 [main] INFO  org.springframework.web.servlet.mvc.method.annotation.RequestMappingHandlerMapping Line:543-Mapped "{[/data/insertNew],methods=[POST]}" onto public com.alibaba.fastjson.JSONObject com.army.controller.WebJumpController.insertNew(javax.servlet.http.HttpServletRequest,com.army.vo.NewsInfo) throws java.lang.Exception
===2018-02-28 14:52:18.399 [main] INFO  org.springframework.web.servlet.mvc.method.annotation.RequestMappingHandlerMapping Line:543-Mapped "{[/error]}" onto public org.springframework.http.ResponseEntity<java.util.Map<java.lang.String, java.lang.Object>> org.springframework.boot.autoconfigure.web.BasicErrorController.error(javax.servlet.http.HttpServletRequest)
===2018-02-28 14:52:18.399 [main] INFO  org.springframework.web.servlet.mvc.method.annotation.RequestMappingHandlerMapping Line:543-Mapped "{[/error],produces=[text/html]}" onto public org.springframework.web.servlet.ModelAndView org.springframework.boot.autoconfigure.web.BasicErrorController.errorHtml(javax.servlet.http.HttpServletRequest,javax.servlet.http.HttpServletResponse)
===2018-02-28 14:52:18.405 [main] INFO  org.springframework.web.servlet.config.annotation.WebMvcConfigurerAdapter Line:303-Adding welcome page: ServletContext resource [/index.html]
===2018-02-28 14:52:18.413 [main] INFO  org.springframework.web.servlet.handler.SimpleUrlHandlerMapping Line:341-Root mapping to handler of type [class org.springframework.web.servlet.mvc.ParameterizableViewController]
===2018-02-28 14:52:18.418 [main] INFO  org.springframework.web.servlet.handler.BeanNameUrlHandlerMapping Line:354-Mapped URL path [/newsService] onto handler '/newsService'
===2018-02-28 14:52:18.422 [main] INFO  org.springframework.web.servlet.handler.SimpleUrlHandlerMapping Line:354-Mapped URL path [/webjars/**] onto handler of type [class org.springframework.web.servlet.resource.ResourceHttpRequestHandler]
===2018-02-28 14:52:18.422 [main] INFO  org.springframework.web.servlet.handler.SimpleUrlHandlerMapping Line:354-Mapped URL path [/**] onto handler of type [class org.springframework.web.servlet.resource.ResourceHttpRequestHandler]
===2018-02-28 14:52:18.458 [main] INFO  org.springframework.web.servlet.handler.SimpleUrlHandlerMapping Line:354-Mapped URL path [/**/favicon.ico] onto handler of type [class org.springframework.web.servlet.resource.ResourceHttpRequestHandler]
===2018-02-28 14:52:18.746 [main] INFO  org.springframework.boot.actuate.endpoint.mvc.EndpointHandlerMapping Line:543-Mapped "{[/beans || /beans.json],methods=[GET],produces=[application/json]}" onto public java.lang.Object org.springframework.boot.actuate.endpoint.mvc.EndpointMvcAdapter.invoke()
===2018-02-28 14:52:18.747 [main] INFO  org.springframework.boot.actuate.endpoint.mvc.EndpointHandlerMapping Line:543-Mapped "{[/autoconfig || /autoconfig.json],methods=[GET],produces=[application/json]}" onto public java.lang.Object org.springframework.boot.actuate.endpoint.mvc.EndpointMvcAdapter.invoke()
===2018-02-28 14:52:18.747 [main] INFO  org.springframework.boot.actuate.endpoint.mvc.EndpointHandlerMapping Line:543-Mapped "{[/info || /info.json],methods=[GET],produces=[application/json]}" onto public java.lang.Object org.springframework.boot.actuate.endpoint.mvc.EndpointMvcAdapter.invoke()
===2018-02-28 14:52:18.749 [main] INFO  org.springframework.boot.actuate.endpoint.mvc.EndpointHandlerMapping Line:543-Mapped "{[/dump || /dump.json],methods=[GET],produces=[application/json]}" onto public java.lang.Object org.springframework.boot.actuate.endpoint.mvc.EndpointMvcAdapter.invoke()
===2018-02-28 14:52:18.749 [main] INFO  org.springframework.boot.actuate.endpoint.mvc.EndpointHandlerMapping Line:543-Mapped "{[/logfile || /logfile.json],methods=[GET || HEAD]}" onto public void org.springframework.boot.actuate.endpoint.mvc.LogFileMvcEndpoint.invoke(javax.servlet.http.HttpServletRequest,javax.servlet.http.HttpServletResponse) throws javax.servlet.ServletException,java.io.IOException
===2018-02-28 14:52:18.750 [main] INFO  org.springframework.boot.actuate.endpoint.mvc.EndpointHandlerMapping Line:543-Mapped "{[/heapdump || /heapdump.json],methods=[GET],produces=[application/octet-stream]}" onto public void org.springframework.boot.actuate.endpoint.mvc.HeapdumpMvcEndpoint.invoke(boolean,javax.servlet.http.HttpServletRequest,javax.servlet.http.HttpServletResponse) throws java.io.IOException,javax.servlet.ServletException
===2018-02-28 14:52:18.750 [main] INFO  org.springframework.boot.actuate.endpoint.mvc.EndpointHandlerMapping Line:543-Mapped "{[/env/{name:.*}],methods=[GET],produces=[application/json]}" onto public java.lang.Object org.springframework.boot.actuate.endpoint.mvc.EnvironmentMvcEndpoint.value(java.lang.String)
===2018-02-28 14:52:18.751 [main] INFO  org.springframework.boot.actuate.endpoint.mvc.EndpointHandlerMapping Line:543-Mapped "{[/env || /env.json],methods=[GET],produces=[application/json]}" onto public java.lang.Object org.springframework.boot.actuate.endpoint.mvc.EndpointMvcAdapter.invoke()
===2018-02-28 14:52:18.751 [main] INFO  org.springframework.boot.actuate.endpoint.mvc.EndpointHandlerMapping Line:543-Mapped "{[/metrics/{name:.*}],methods=[GET],produces=[application/json]}" onto public java.lang.Object org.springframework.boot.actuate.endpoint.mvc.MetricsMvcEndpoint.value(java.lang.String)
===2018-02-28 14:52:18.751 [main] INFO  org.springframework.boot.actuate.endpoint.mvc.EndpointHandlerMapping Line:543-Mapped "{[/metrics || /metrics.json],methods=[GET],produces=[application/json]}" onto public java.lang.Object org.springframework.boot.actuate.endpoint.mvc.EndpointMvcAdapter.invoke()
===2018-02-28 14:52:18.754 [main] INFO  org.springframework.boot.actuate.endpoint.mvc.EndpointHandlerMapping Line:543-Mapped "{[/trace || /trace.json],methods=[GET],produces=[application/json]}" onto public java.lang.Object org.springframework.boot.actuate.endpoint.mvc.EndpointMvcAdapter.invoke()
===2018-02-28 14:52:18.755 [main] INFO  org.springframework.boot.actuate.endpoint.mvc.EndpointHandlerMapping Line:543-Mapped "{[/mappings || /mappings.json],methods=[GET],produces=[application/json]}" onto public java.lang.Object org.springframework.boot.actuate.endpoint.mvc.EndpointMvcAdapter.invoke()
===2018-02-28 14:52:18.755 [main] INFO  org.springframework.boot.actuate.endpoint.mvc.EndpointHandlerMapping Line:543-Mapped "{[/health || /health.json],produces=[application/json]}" onto public java.lang.Object org.springframework.boot.actuate.endpoint.mvc.HealthMvcEndpoint.invoke(java.security.Principal)
===2018-02-28 14:52:18.756 [main] INFO  org.springframework.boot.actuate.endpoint.mvc.EndpointHandlerMapping Line:543-Mapped "{[/configprops || /configprops.json],methods=[GET],produces=[application/json]}" onto public java.lang.Object org.springframework.boot.actuate.endpoint.mvc.EndpointMvcAdapter.invoke()
===2018-02-28 14:52:18.930 [main] INFO  org.springframework.jmx.export.annotation.AnnotationMBeanExporter Line:431-Registering beans for JMX exposure on startup
===2018-02-28 14:52:18.935 [main] INFO  org.springframework.boot.actuate.endpoint.jmx.EndpointMBeanExporter Line:431-Registering beans for JMX exposure on startup
===2018-02-28 14:52:18.940 [main] INFO  org.springframework.context.support.DefaultLifecycleProcessor Line:341-Starting beans in phase 0
===2018-02-28 14:52:18.947 [main] INFO  org.springframework.boot.actuate.endpoint.jmx.EndpointMBeanExporter Line:674-Located managed bean 'requestMappingEndpoint': registering with JMX server as MBean [org.springframework.boot:type=Endpoint,name=requestMappingEndpoint]
===2018-02-28 14:52:18.961 [main] INFO  org.springframework.boot.actuate.endpoint.jmx.EndpointMBeanExporter Line:674-Located managed bean 'environmentEndpoint': registering with JMX server as MBean [org.springframework.boot:type=Endpoint,name=environmentEndpoint]
===2018-02-28 14:52:18.966 [main] INFO  org.springframework.boot.actuate.endpoint.jmx.EndpointMBeanExporter Line:674-Located managed bean 'healthEndpoint': registering with JMX server as MBean [org.springframework.boot:type=Endpoint,name=healthEndpoint]
===2018-02-28 14:52:18.968 [main] INFO  org.springframework.boot.actuate.endpoint.jmx.EndpointMBeanExporter Line:674-Located managed bean 'beansEndpoint': registering with JMX server as MBean [org.springframework.boot:type=Endpoint,name=beansEndpoint]
===2018-02-28 14:52:18.971 [main] INFO  org.springframework.boot.actuate.endpoint.jmx.EndpointMBeanExporter Line:674-Located managed bean 'infoEndpoint': registering with JMX server as MBean [org.springframework.boot:type=Endpoint,name=infoEndpoint]
===2018-02-28 14:52:18.974 [main] INFO  org.springframework.boot.actuate.endpoint.jmx.EndpointMBeanExporter Line:674-Located managed bean 'metricsEndpoint': registering with JMX server as MBean [org.springframework.boot:type=Endpoint,name=metricsEndpoint]
===2018-02-28 14:52:18.976 [main] INFO  org.springframework.boot.actuate.endpoint.jmx.EndpointMBeanExporter Line:674-Located managed bean 'traceEndpoint': registering with JMX server as MBean [org.springframework.boot:type=Endpoint,name=traceEndpoint]
===2018-02-28 14:52:18.979 [main] INFO  org.springframework.boot.actuate.endpoint.jmx.EndpointMBeanExporter Line:674-Located managed bean 'dumpEndpoint': registering with JMX server as MBean [org.springframework.boot:type=Endpoint,name=dumpEndpoint]
===2018-02-28 14:52:18.985 [main] INFO  org.springframework.boot.actuate.endpoint.jmx.EndpointMBeanExporter Line:674-Located managed bean 'autoConfigurationReportEndpoint': registering with JMX server as MBean [org.springframework.boot:type=Endpoint,name=autoConfigurationReportEndpoint]
===2018-02-28 14:52:18.987 [main] INFO  org.springframework.boot.actuate.endpoint.jmx.EndpointMBeanExporter Line:674-Located managed bean 'configurationPropertiesReportEndpoint': registering with JMX server as MBean [org.springframework.boot:type=Endpoint,name=configurationPropertiesReportEndpoint]
===2018-02-28 14:52:19.000 [main] INFO  org.apache.coyote.http11.Http11NioProtocol Line:179-Initializing ProtocolHandler ["http-nio-8080"]
===2018-02-28 14:52:19.008 [main] INFO  org.apache.coyote.http11.Http11NioProtocol Line:179-Starting ProtocolHandler [http-nio-8080]
===2018-02-28 14:52:19.017 [main] INFO  org.apache.tomcat.util.net.NioSelectorPool Line:179-Using a shared selector for servlet write/read
===2018-02-28 14:52:19.037 [main] INFO  org.springframework.boot.context.embedded.tomcat.TomcatEmbeddedServletContainer Line:186-Tomcat started on port(s): 8080 (http)
===2018-02-28 14:52:19.041 [main] INFO  com.army.Army Line:57 -Started Army in 3.632 seconds (JVM running for 4.27)
===2018-02-28 14:52:25.553 [http-nio-8080-exec-1] INFO  org.apache.catalina.core.ContainerBase.[Tomcat].[localhost].[/] Line:179-Initializing Spring FrameworkServlet 'dispatcherServlet'
===2018-02-28 14:52:25.554 [http-nio-8080-exec-1] INFO  org.springframework.web.servlet.DispatcherServlet Line:489-FrameworkServlet 'dispatcherServlet': initialization started
===2018-02-28 14:52:25.573 [http-nio-8080-exec-1] INFO  org.springframework.web.servlet.DispatcherServlet Line:508-FrameworkServlet 'dispatcherServlet': initialization completed in 19 ms
