===2018-03-01 09:47:11.302 [RMI TCP Connection(2)-127.0.0.1] INFO  org.springframework.boot.admin.SpringApplicationAdminMXBeanRegistrar$SpringApplicationAdmin Line:125-Application shutdown requested.
===2018-03-01 09:47:11.331 [RMI TCP Connection(2)-127.0.0.1] INFO  org.springframework.boot.context.embedded.AnnotationConfigEmbeddedWebApplicationContext Line:982-Closing org.springframework.boot.context.embedded.AnnotationConfigEmbeddedWebApplicationContext@49e53c76: startup date [Wed Feb 28 14:52:15 CST 2018]; root of context hierarchy
===2018-03-01 09:47:11.363 [RMI TCP Connection(2)-127.0.0.1] INFO  org.springframework.context.support.DefaultLifecycleProcessor Line:356-Stopping beans in phase 0
===2018-03-01 09:47:11.387 [RMI TCP Connection(2)-127.0.0.1] INFO  org.springframework.boot.actuate.endpoint.jmx.EndpointMBeanExporter Line:449-Unregistering JMX-exposed beans on shutdown
===2018-03-01 09:47:11.388 [RMI TCP Connection(2)-127.0.0.1] INFO  org.springframework.boot.actuate.endpoint.jmx.EndpointMBeanExporter Line:241-Unregistering JMX-exposed beans
===2018-03-01 09:47:11.389 [RMI TCP Connection(2)-127.0.0.1] INFO  org.springframework.jmx.export.annotation.AnnotationMBeanExporter Line:449-Unregistering JMX-exposed beans on shutdown
===2018-03-01 16:49:40.309 [main] INFO  com.army.Army Line:48 -Starting Army on wang-pc with PID 47420 (D:\wokspace\shangjia\army\app\target\classes started by Administrator in D:\wokspace\shangjia\army\app)
===2018-03-01 16:49:40.313 [main] INFO  com.army.Army Line:659-No active profile set, falling back to default profiles: default
===2018-03-01 16:49:40.393 [main] INFO  org.springframework.boot.context.embedded.AnnotationConfigEmbeddedWebApplicationContext Line:581-Refreshing org.springframework.boot.context.embedded.AnnotationConfigEmbeddedWebApplicationContext@49e53c76: startup date [Thu Mar 01 16:49:40 CST 2018]; root of context hierarchy
===2018-03-01 16:49:40.479 [background-preinit] INFO  org.hibernate.validator.internal.util.Version Line:30 -HV000001: Hibernate Validator 5.2.4.Final
===2018-03-01 16:49:41.344 [main] INFO  org.springframework.context.support.PostProcessorRegistrationDelegate$BeanPostProcessorChecker Line:328-Bean 'org.springframework.transaction.annotation.ProxyTransactionManagementConfiguration' of type [class org.springframework.transaction.annotation.ProxyTransactionManagementConfiguration$$EnhancerBySpringCGLIB$$76151b92] is not eligible for getting processed by all BeanPostProcessors (for example: not eligible for auto-proxying)
===2018-03-01 16:49:41.610 [main] INFO  org.springframework.boot.context.embedded.tomcat.TomcatEmbeddedServletContainer Line:88 -Tomcat initialized with port(s): 8080 (http)
===2018-03-01 16:49:41.617 [main] INFO  org.apache.catalina.core.StandardService Line:179-Starting service Tomcat
===2018-03-01 16:49:41.618 [main] INFO  org.apache.catalina.core.StandardEngine Line:179-Starting Servlet Engine: Apache Tomcat/8.5.4
===2018-03-01 16:49:42.003 [localhost-startStop-1] INFO  org.apache.jasper.servlet.TldScanner Line:179-At least one JAR was scanned for TLDs yet contained no TLDs. Enable debug logging for this logger for a complete list of JARs that were scanned but no TLDs were found in them. Skipping unneeded JARs during scanning can improve startup time and JSP compilation time.
===2018-03-01 16:49:42.005 [localhost-startStop-1] INFO  org.apache.catalina.core.ContainerBase.[Tomcat].[localhost].[/] Line:179-Initializing Spring embedded WebApplicationContext
===2018-03-01 16:49:42.006 [localhost-startStop-1] INFO  org.springframework.web.context.ContextLoader Line:276-Root WebApplicationContext: initialization completed in 1612 ms
===2018-03-01 16:49:42.199 [localhost-startStop-1] INFO  org.springframework.boot.web.servlet.ServletRegistrationBean Line:190-Mapping servlet: 'dispatcherServlet' to [/]
===2018-03-01 16:49:42.203 [localhost-startStop-1] INFO  org.springframework.boot.web.servlet.FilterRegistrationBean Line:258-Mapping filter: 'metricFilter' to: [/*]
===2018-03-01 16:49:42.203 [localhost-startStop-1] INFO  org.springframework.boot.web.servlet.FilterRegistrationBean Line:258-Mapping filter: 'characterEncodingFilter' to: [/*]
===2018-03-01 16:49:42.204 [localhost-startStop-1] INFO  org.springframework.boot.web.servlet.FilterRegistrationBean Line:258-Mapping filter: 'hiddenHttpMethodFilter' to: [/*]
===2018-03-01 16:49:42.204 [localhost-startStop-1] INFO  org.springframework.boot.web.servlet.FilterRegistrationBean Line:258-Mapping filter: 'httpPutFormContentFilter' to: [/*]
===2018-03-01 16:49:42.205 [localhost-startStop-1] INFO  org.springframework.boot.web.servlet.FilterRegistrationBean Line:258-Mapping filter: 'requestContextFilter' to: [/*]
===2018-03-01 16:49:42.206 [localhost-startStop-1] INFO  org.springframework.boot.web.servlet.FilterRegistrationBean Line:258-Mapping filter: 'webRequestLoggingFilter' to: [/*]
===2018-03-01 16:49:42.206 [localhost-startStop-1] INFO  org.springframework.boot.web.servlet.FilterRegistrationBean Line:258-Mapping filter: 'applicationContextIdFilter' to: [/*]
===2018-03-01 16:49:42.506 [main] INFO  org.apache.catalina.core.StandardService Line:179-Stopping service Tomcat
===2018-03-01 16:49:42.543 [main] INFO  org.springframework.boot.autoconfigure.logging.AutoConfigurationReportLoggingInitializer Line:101-

Error starting ApplicationContext. To display the auto-configuration report enable debug logging (start with --debug)


===2018-03-01 16:55:50.831 [main] INFO  com.army.Army Line:48 -Starting Army on wang-pc with PID 48092 (D:\wokspace\shangjia\army\app\target\classes started by Administrator in D:\wokspace\shangjia\army\app)
===2018-03-01 16:55:50.835 [main] INFO  com.army.Army Line:659-No active profile set, falling back to default profiles: default
===2018-03-01 16:55:50.885 [main] INFO  org.springframework.boot.context.embedded.AnnotationConfigEmbeddedWebApplicationContext Line:581-Refreshing org.springframework.boot.context.embedded.AnnotationConfigEmbeddedWebApplicationContext@49e53c76: startup date [Thu Mar 01 16:55:50 CST 2018]; root of context hierarchy
===2018-03-01 16:55:50.963 [background-preinit] INFO  org.hibernate.validator.internal.util.Version Line:30 -HV000001: Hibernate Validator 5.2.4.Final
===2018-03-01 16:55:51.785 [main] INFO  org.springframework.context.support.PostProcessorRegistrationDelegate$BeanPostProcessorChecker Line:328-Bean 'org.springframework.transaction.annotation.ProxyTransactionManagementConfiguration' of type [class org.springframework.transaction.annotation.ProxyTransactionManagementConfiguration$$EnhancerBySpringCGLIB$$76151b92] is not eligible for getting processed by all BeanPostProcessors (for example: not eligible for auto-proxying)
===2018-03-01 16:55:52.053 [main] INFO  org.springframework.boot.context.embedded.tomcat.TomcatEmbeddedServletContainer Line:88 -Tomcat initialized with port(s): 8080 (http)
===2018-03-01 16:55:52.061 [main] INFO  org.apache.catalina.core.StandardService Line:179-Starting service Tomcat
===2018-03-01 16:55:52.061 [main] INFO  org.apache.catalina.core.StandardEngine Line:179-Starting Servlet Engine: Apache Tomcat/8.5.4
===2018-03-01 16:55:52.456 [localhost-startStop-1] INFO  org.apache.jasper.servlet.TldScanner Line:179-At least one JAR was scanned for TLDs yet contained no TLDs. Enable debug logging for this logger for a complete list of JARs that were scanned but no TLDs were found in them. Skipping unneeded JARs during scanning can improve startup time and JSP compilation time.
===2018-03-01 16:55:52.458 [localhost-startStop-1] INFO  org.apache.catalina.core.ContainerBase.[Tomcat].[localhost].[/] Line:179-Initializing Spring embedded WebApplicationContext
===2018-03-01 16:55:52.458 [localhost-startStop-1] INFO  org.springframework.web.context.ContextLoader Line:276-Root WebApplicationContext: initialization completed in 1573 ms
===2018-03-01 16:55:52.652 [localhost-startStop-1] INFO  org.springframework.boot.web.servlet.ServletRegistrationBean Line:190-Mapping servlet: 'dispatcherServlet' to [/]
===2018-03-01 16:55:52.656 [localhost-startStop-1] INFO  org.springframework.boot.web.servlet.FilterRegistrationBean Line:258-Mapping filter: 'metricFilter' to: [/*]
===2018-03-01 16:55:52.656 [localhost-startStop-1] INFO  org.springframework.boot.web.servlet.FilterRegistrationBean Line:258-Mapping filter: 'characterEncodingFilter' to: [/*]
===2018-03-01 16:55:52.656 [localhost-startStop-1] INFO  org.springframework.boot.web.servlet.FilterRegistrationBean Line:258-Mapping filter: 'hiddenHttpMethodFilter' to: [/*]
===2018-03-01 16:55:52.656 [localhost-startStop-1] INFO  org.springframework.boot.web.servlet.FilterRegistrationBean Line:258-Mapping filter: 'httpPutFormContentFilter' to: [/*]
===2018-03-01 16:55:52.656 [localhost-startStop-1] INFO  org.springframework.boot.web.servlet.FilterRegistrationBean Line:258-Mapping filter: 'requestContextFilter' to: [/*]
===2018-03-01 16:55:52.657 [localhost-startStop-1] INFO  org.springframework.boot.web.servlet.FilterRegistrationBean Line:258-Mapping filter: 'webRequestLoggingFilter' to: [/*]
===2018-03-01 16:55:52.657 [localhost-startStop-1] INFO  org.springframework.boot.web.servlet.FilterRegistrationBean Line:258-Mapping filter: 'applicationContextIdFilter' to: [/*]
===2018-03-01 16:55:52.962 [main] INFO  org.apache.catalina.core.StandardService Line:179-Stopping service Tomcat
===2018-03-01 16:55:53.002 [main] INFO  org.springframework.boot.autoconfigure.logging.AutoConfigurationReportLoggingInitializer Line:101-

Error starting ApplicationContext. To display the auto-configuration report enable debug logging (start with --debug)


===2018-03-01 16:57:19.730 [main] INFO  com.army.Army Line:48 -Starting Army on wang-pc with PID 45364 (D:\wokspace\shangjia\army\app\target\classes started by Administrator in D:\wokspace\shangjia\army\app)
===2018-03-01 16:57:19.733 [main] INFO  com.army.Army Line:659-No active profile set, falling back to default profiles: default
===2018-03-01 16:57:19.776 [main] INFO  org.springframework.boot.context.embedded.AnnotationConfigEmbeddedWebApplicationContext Line:581-Refreshing org.springframework.boot.context.embedded.AnnotationConfigEmbeddedWebApplicationContext@49e53c76: startup date [Thu Mar 01 16:57:19 CST 2018]; root of context hierarchy
===2018-03-01 16:57:19.866 [background-preinit] INFO  org.hibernate.validator.internal.util.Version Line:30 -HV000001: Hibernate Validator 5.2.4.Final
===2018-03-01 16:57:20.651 [main] INFO  org.springframework.context.support.PostProcessorRegistrationDelegate$BeanPostProcessorChecker Line:328-Bean 'org.springframework.transaction.annotation.ProxyTransactionManagementConfiguration' of type [class org.springframework.transaction.annotation.ProxyTransactionManagementConfiguration$$EnhancerBySpringCGLIB$$76151b92] is not eligible for getting processed by all BeanPostProcessors (for example: not eligible for auto-proxying)
===2018-03-01 16:57:20.912 [main] INFO  org.springframework.boot.context.embedded.tomcat.TomcatEmbeddedServletContainer Line:88 -Tomcat initialized with port(s): 8080 (http)
===2018-03-01 16:57:20.920 [main] INFO  org.apache.catalina.core.StandardService Line:179-Starting service Tomcat
===2018-03-01 16:57:20.921 [main] INFO  org.apache.catalina.core.StandardEngine Line:179-Starting Servlet Engine: Apache Tomcat/8.5.4
===2018-03-01 16:57:21.330 [localhost-startStop-1] INFO  org.apache.jasper.servlet.TldScanner Line:179-At least one JAR was scanned for TLDs yet contained no TLDs. Enable debug logging for this logger for a complete list of JARs that were scanned but no TLDs were found in them. Skipping unneeded JARs during scanning can improve startup time and JSP compilation time.
===2018-03-01 16:57:21.332 [localhost-startStop-1] INFO  org.apache.catalina.core.ContainerBase.[Tomcat].[localhost].[/] Line:179-Initializing Spring embedded WebApplicationContext
===2018-03-01 16:57:21.332 [localhost-startStop-1] INFO  org.springframework.web.context.ContextLoader Line:276-Root WebApplicationContext: initialization completed in 1556 ms
===2018-03-01 16:57:21.526 [localhost-startStop-1] INFO  org.springframework.boot.web.servlet.ServletRegistrationBean Line:190-Mapping servlet: 'dispatcherServlet' to [/]
===2018-03-01 16:57:21.529 [localhost-startStop-1] INFO  org.springframework.boot.web.servlet.FilterRegistrationBean Line:258-Mapping filter: 'metricFilter' to: [/*]
===2018-03-01 16:57:21.530 [localhost-startStop-1] INFO  org.springframework.boot.web.servlet.FilterRegistrationBean Line:258-Mapping filter: 'characterEncodingFilter' to: [/*]
===2018-03-01 16:57:21.530 [localhost-startStop-1] INFO  org.springframework.boot.web.servlet.FilterRegistrationBean Line:258-Mapping filter: 'hiddenHttpMethodFilter' to: [/*]
===2018-03-01 16:57:21.530 [localhost-startStop-1] INFO  org.springframework.boot.web.servlet.FilterRegistrationBean Line:258-Mapping filter: 'httpPutFormContentFilter' to: [/*]
===2018-03-01 16:57:21.531 [localhost-startStop-1] INFO  org.springframework.boot.web.servlet.FilterRegistrationBean Line:258-Mapping filter: 'requestContextFilter' to: [/*]
===2018-03-01 16:57:21.531 [localhost-startStop-1] INFO  org.springframework.boot.web.servlet.FilterRegistrationBean Line:258-Mapping filter: 'webRequestLoggingFilter' to: [/*]
===2018-03-01 16:57:21.531 [localhost-startStop-1] INFO  org.springframework.boot.web.servlet.FilterRegistrationBean Line:258-Mapping filter: 'applicationContextIdFilter' to: [/*]
===2018-03-01 16:57:22.099 [main] INFO  org.springframework.web.servlet.mvc.method.annotation.RequestMappingHandlerAdapter Line:534-Looking for @ControllerAdvice: org.springframework.boot.context.embedded.AnnotationConfigEmbeddedWebApplicationContext@49e53c76: startup date [Thu Mar 01 16:57:19 CST 2018]; root of context hierarchy
===2018-03-01 16:57:22.137 [main] INFO  org.springframework.web.servlet.mvc.method.annotation.RequestMappingHandlerMapping Line:543-Mapped "{[/data/login],methods=[POST]}" onto public com.alibaba.fastjson.JSONObject com.army.controller.WebJumpController.userLogin(javax.servlet.http.HttpServletRequest,com.army.vo.UserInfo) throws java.lang.Exception
===2018-03-01 16:57:22.138 [main] INFO  org.springframework.web.servlet.mvc.method.annotation.RequestMappingHandlerMapping Line:543-Mapped "{[/data/regist],methods=[POST]}" onto public com.alibaba.fastjson.JSONObject com.army.controller.WebJumpController.userRegist(com.army.vo.UserInfo) throws java.lang.Exception
===2018-03-01 16:57:22.138 [main] INFO  org.springframework.web.servlet.mvc.method.annotation.RequestMappingHandlerMapping Line:543-Mapped "{[/data/page/{preFile}/{pageName}]}" onto public org.springframework.web.servlet.ModelAndView com.army.controller.WebJumpController.pageUrl(java.lang.String,java.lang.String)
===2018-03-01 16:57:22.138 [main] INFO  org.springframework.web.servlet.mvc.method.annotation.RequestMappingHandlerMapping Line:543-Mapped "{[/data/page/{pageName}]}" onto public org.springframework.web.servlet.ModelAndView com.army.controller.WebJumpController.pageUrl(java.lang.String)
===2018-03-01 16:57:22.139 [main] INFO  org.springframework.web.servlet.mvc.method.annotation.RequestMappingHandlerMapping Line:543-Mapped "{[/data/updateNew],methods=[POST]}" onto public com.alibaba.fastjson.JSONObject com.army.controller.WebJumpController.updateNew(javax.servlet.http.HttpServletRequest,com.army.vo.NewsInfo) throws java.lang.Exception
===2018-03-01 16:57:22.139 [main] INFO  org.springframework.web.servlet.mvc.method.annotation.RequestMappingHandlerMapping Line:543-Mapped "{[/data/insertNew],methods=[POST]}" onto public com.alibaba.fastjson.JSONObject com.army.controller.WebJumpController.insertNew(javax.servlet.http.HttpServletRequest,com.army.vo.NewsInfo) throws java.lang.Exception
===2018-03-01 16:57:22.140 [main] INFO  org.springframework.web.servlet.mvc.method.annotation.RequestMappingHandlerMapping Line:543-Mapped "{[/error]}" onto public org.springframework.http.ResponseEntity<java.util.Map<java.lang.String, java.lang.Object>> org.springframework.boot.autoconfigure.web.BasicErrorController.error(javax.servlet.http.HttpServletRequest)
===2018-03-01 16:57:22.141 [main] INFO  org.springframework.web.servlet.mvc.method.annotation.RequestMappingHandlerMapping Line:543-Mapped "{[/error],produces=[text/html]}" onto public org.springframework.web.servlet.ModelAndView org.springframework.boot.autoconfigure.web.BasicErrorController.errorHtml(javax.servlet.http.HttpServletRequest,javax.servlet.http.HttpServletResponse)
===2018-03-01 16:57:22.146 [main] INFO  org.springframework.web.servlet.config.annotation.WebMvcConfigurerAdapter Line:303-Adding welcome page: ServletContext resource [/index.html]
===2018-03-01 16:57:22.155 [main] INFO  org.springframework.web.servlet.handler.SimpleUrlHandlerMapping Line:341-Root mapping to handler of type [class org.springframework.web.servlet.mvc.ParameterizableViewController]
===2018-03-01 16:57:22.161 [main] INFO  org.springframework.web.servlet.handler.BeanNameUrlHandlerMapping Line:354-Mapped URL path [/MoiveService] onto handler '/MoiveService'
===2018-03-01 16:57:22.162 [main] INFO  org.springframework.web.servlet.handler.BeanNameUrlHandlerMapping Line:354-Mapped URL path [/musicService] onto handler '/musicService'
===2018-03-01 16:57:22.162 [main] INFO  org.springframework.web.servlet.handler.BeanNameUrlHandlerMapping Line:354-Mapped URL path [/newsService] onto handler '/newsService'
===2018-03-01 16:57:22.165 [main] INFO  org.springframework.web.servlet.handler.SimpleUrlHandlerMapping Line:354-Mapped URL path [/webjars/**] onto handler of type [class org.springframework.web.servlet.resource.ResourceHttpRequestHandler]
===2018-03-01 16:57:22.166 [main] INFO  org.springframework.web.servlet.handler.SimpleUrlHandlerMapping Line:354-Mapped URL path [/**] onto handler of type [class org.springframework.web.servlet.resource.ResourceHttpRequestHandler]
===2018-03-01 16:57:22.197 [main] INFO  org.springframework.web.servlet.handler.SimpleUrlHandlerMapping Line:354-Mapped URL path [/**/favicon.ico] onto handler of type [class org.springframework.web.servlet.resource.ResourceHttpRequestHandler]
===2018-03-01 16:57:22.485 [main] INFO  org.springframework.boot.actuate.endpoint.mvc.EndpointHandlerMapping Line:543-Mapped "{[/beans || /beans.json],methods=[GET],produces=[application/json]}" onto public java.lang.Object org.springframework.boot.actuate.endpoint.mvc.EndpointMvcAdapter.invoke()
===2018-03-01 16:57:22.486 [main] INFO  org.springframework.boot.actuate.endpoint.mvc.EndpointHandlerMapping Line:543-Mapped "{[/health || /health.json],produces=[application/json]}" onto public java.lang.Object org.springframework.boot.actuate.endpoint.mvc.HealthMvcEndpoint.invoke(java.security.Principal)
===2018-03-01 16:57:22.487 [main] INFO  org.springframework.boot.actuate.endpoint.mvc.EndpointHandlerMapping Line:543-Mapped "{[/mappings || /mappings.json],methods=[GET],produces=[application/json]}" onto public java.lang.Object org.springframework.boot.actuate.endpoint.mvc.EndpointMvcAdapter.invoke()
===2018-03-01 16:57:22.488 [main] INFO  org.springframework.boot.actuate.endpoint.mvc.EndpointHandlerMapping Line:543-Mapped "{[/env/{name:.*}],methods=[GET],produces=[application/json]}" onto public java.lang.Object org.springframework.boot.actuate.endpoint.mvc.EnvironmentMvcEndpoint.value(java.lang.String)
===2018-03-01 16:57:22.489 [main] INFO  org.springframework.boot.actuate.endpoint.mvc.EndpointHandlerMapping Line:543-Mapped "{[/env || /env.json],methods=[GET],produces=[application/json]}" onto public java.lang.Object org.springframework.boot.actuate.endpoint.mvc.EndpointMvcAdapter.invoke()
===2018-03-01 16:57:22.492 [main] INFO  org.springframework.boot.actuate.endpoint.mvc.EndpointHandlerMapping Line:543-Mapped "{[/metrics/{name:.*}],methods=[GET],produces=[application/json]}" onto public java.lang.Object org.springframework.boot.actuate.endpoint.mvc.MetricsMvcEndpoint.value(java.lang.String)
===2018-03-01 16:57:22.494 [main] INFO  org.springframework.boot.actuate.endpoint.mvc.EndpointHandlerMapping Line:543-Mapped "{[/metrics || /metrics.json],methods=[GET],produces=[application/json]}" onto public java.lang.Object org.springframework.boot.actuate.endpoint.mvc.EndpointMvcAdapter.invoke()
===2018-03-01 16:57:22.496 [main] INFO  org.springframework.boot.actuate.endpoint.mvc.EndpointHandlerMapping Line:543-Mapped "{[/trace || /trace.json],methods=[GET],produces=[application/json]}" onto public java.lang.Object org.springframework.boot.actuate.endpoint.mvc.EndpointMvcAdapter.invoke()
===2018-03-01 16:57:22.497 [main] INFO  org.springframework.boot.actuate.endpoint.mvc.EndpointHandlerMapping Line:543-Mapped "{[/autoconfig || /autoconfig.json],methods=[GET],produces=[application/json]}" onto public java.lang.Object org.springframework.boot.actuate.endpoint.mvc.EndpointMvcAdapter.invoke()
===2018-03-01 16:57:22.499 [main] INFO  org.springframework.boot.actuate.endpoint.mvc.EndpointHandlerMapping Line:543-Mapped "{[/heapdump || /heapdump.json],methods=[GET],produces=[application/octet-stream]}" onto public void org.springframework.boot.actuate.endpoint.mvc.HeapdumpMvcEndpoint.invoke(boolean,javax.servlet.http.HttpServletRequest,javax.servlet.http.HttpServletResponse) throws java.io.IOException,javax.servlet.ServletException
===2018-03-01 16:57:22.502 [main] INFO  org.springframework.boot.actuate.endpoint.mvc.EndpointHandlerMapping Line:543-Mapped "{[/configprops || /configprops.json],methods=[GET],produces=[application/json]}" onto public java.lang.Object org.springframework.boot.actuate.endpoint.mvc.EndpointMvcAdapter.invoke()
===2018-03-01 16:57:22.504 [main] INFO  org.springframework.boot.actuate.endpoint.mvc.EndpointHandlerMapping Line:543-Mapped "{[/dump || /dump.json],methods=[GET],produces=[application/json]}" onto public java.lang.Object org.springframework.boot.actuate.endpoint.mvc.EndpointMvcAdapter.invoke()
===2018-03-01 16:57:22.504 [main] INFO  org.springframework.boot.actuate.endpoint.mvc.EndpointHandlerMapping Line:543-Mapped "{[/logfile || /logfile.json],methods=[GET || HEAD]}" onto public void org.springframework.boot.actuate.endpoint.mvc.LogFileMvcEndpoint.invoke(javax.servlet.http.HttpServletRequest,javax.servlet.http.HttpServletResponse) throws javax.servlet.ServletException,java.io.IOException
===2018-03-01 16:57:22.505 [main] INFO  org.springframework.boot.actuate.endpoint.mvc.EndpointHandlerMapping Line:543-Mapped "{[/info || /info.json],methods=[GET],produces=[application/json]}" onto public java.lang.Object org.springframework.boot.actuate.endpoint.mvc.EndpointMvcAdapter.invoke()
===2018-03-01 16:57:22.672 [main] INFO  org.springframework.jmx.export.annotation.AnnotationMBeanExporter Line:431-Registering beans for JMX exposure on startup
===2018-03-01 16:57:22.678 [main] INFO  org.springframework.boot.actuate.endpoint.jmx.EndpointMBeanExporter Line:431-Registering beans for JMX exposure on startup
===2018-03-01 16:57:22.685 [main] INFO  org.springframework.context.support.DefaultLifecycleProcessor Line:341-Starting beans in phase 0
===2018-03-01 16:57:22.693 [main] INFO  org.springframework.boot.actuate.endpoint.jmx.EndpointMBeanExporter Line:674-Located managed bean 'requestMappingEndpoint': registering with JMX server as MBean [org.springframework.boot:type=Endpoint,name=requestMappingEndpoint]
===2018-03-01 16:57:22.722 [main] INFO  org.springframework.boot.actuate.endpoint.jmx.EndpointMBeanExporter Line:674-Located managed bean 'environmentEndpoint': registering with JMX server as MBean [org.springframework.boot:type=Endpoint,name=environmentEndpoint]
===2018-03-01 16:57:22.726 [main] INFO  org.springframework.boot.actuate.endpoint.jmx.EndpointMBeanExporter Line:674-Located managed bean 'healthEndpoint': registering with JMX server as MBean [org.springframework.boot:type=Endpoint,name=healthEndpoint]
===2018-03-01 16:57:22.728 [main] INFO  org.springframework.boot.actuate.endpoint.jmx.EndpointMBeanExporter Line:674-Located managed bean 'beansEndpoint': registering with JMX server as MBean [org.springframework.boot:type=Endpoint,name=beansEndpoint]
===2018-03-01 16:57:22.731 [main] INFO  org.springframework.boot.actuate.endpoint.jmx.EndpointMBeanExporter Line:674-Located managed bean 'infoEndpoint': registering with JMX server as MBean [org.springframework.boot:type=Endpoint,name=infoEndpoint]
===2018-03-01 16:57:22.734 [main] INFO  org.springframework.boot.actuate.endpoint.jmx.EndpointMBeanExporter Line:674-Located managed bean 'metricsEndpoint': registering with JMX server as MBean [org.springframework.boot:type=Endpoint,name=metricsEndpoint]
===2018-03-01 16:57:22.737 [main] INFO  org.springframework.boot.actuate.endpoint.jmx.EndpointMBeanExporter Line:674-Located managed bean 'traceEndpoint': registering with JMX server as MBean [org.springframework.boot:type=Endpoint,name=traceEndpoint]
===2018-03-01 16:57:22.740 [main] INFO  org.springframework.boot.actuate.endpoint.jmx.EndpointMBeanExporter Line:674-Located managed bean 'dumpEndpoint': registering with JMX server as MBean [org.springframework.boot:type=Endpoint,name=dumpEndpoint]
===2018-03-01 16:57:22.745 [main] INFO  org.springframework.boot.actuate.endpoint.jmx.EndpointMBeanExporter Line:674-Located managed bean 'autoConfigurationReportEndpoint': registering with JMX server as MBean [org.springframework.boot:type=Endpoint,name=autoConfigurationReportEndpoint]
===2018-03-01 16:57:22.747 [main] INFO  org.springframework.boot.actuate.endpoint.jmx.EndpointMBeanExporter Line:674-Located managed bean 'configurationPropertiesReportEndpoint': registering with JMX server as MBean [org.springframework.boot:type=Endpoint,name=configurationPropertiesReportEndpoint]
===2018-03-01 16:57:22.760 [main] INFO  org.apache.coyote.http11.Http11NioProtocol Line:179-Initializing ProtocolHandler ["http-nio-8080"]
===2018-03-01 16:57:22.768 [main] INFO  org.apache.coyote.http11.Http11NioProtocol Line:179-Starting ProtocolHandler [http-nio-8080]
===2018-03-01 16:57:22.779 [main] INFO  org.apache.tomcat.util.net.NioSelectorPool Line:179-Using a shared selector for servlet write/read
===2018-03-01 16:57:22.800 [main] INFO  org.springframework.boot.context.embedded.tomcat.TomcatEmbeddedServletContainer Line:186-Tomcat started on port(s): 8080 (http)
===2018-03-01 16:57:22.804 [main] INFO  com.army.Army Line:57 -Started Army in 3.377 seconds (JVM running for 3.997)
===2018-03-01 16:57:41.348 [http-nio-8080-exec-1] INFO  org.apache.catalina.core.ContainerBase.[Tomcat].[localhost].[/] Line:179-Initializing Spring FrameworkServlet 'dispatcherServlet'
===2018-03-01 16:57:41.348 [http-nio-8080-exec-1] INFO  org.springframework.web.servlet.DispatcherServlet Line:489-FrameworkServlet 'dispatcherServlet': initialization started
===2018-03-01 16:57:41.373 [http-nio-8080-exec-1] INFO  org.springframework.web.servlet.DispatcherServlet Line:508-FrameworkServlet 'dispatcherServlet': initialization completed in 25 ms
